2017-12-25 11:00:16,357 INFO [main] com.example.demo.DemoApplication [StartupInfoLogger.java : 48] Starting DemoApplication on WIN-RGMAF56EC79 with PID 6100 (D:\workspace\demo\target\classes started by Administrator in D:\workspace\demo)
2017-12-25 11:00:16,374 DEBUG [main] com.example.demo.DemoApplication [StartupInfoLogger.java : 51] Running with Spring Boot v1.5.9.RELEASE, Spring v4.3.13.RELEASE
2017-12-25 11:00:16,375 INFO [main] com.example.demo.DemoApplication [SpringApplication.java : 597] The following profiles are active: local
2017-12-25 11:00:16,640 DEBUG [background-preinit] org.jboss.logging [LoggerProviders.java : 160] Logging Provider: org.jboss.logging.Slf4jLoggerProvider found via system property
2017-12-25 11:00:16,955 DEBUG [main] o.m.s.mapper.ClassPathMapperScanner [ClassPathScanningCandidateComponentProvider.java : 294] Identified candidate component class: file [D:\workspace\demo\target\classes\com\example\demo\mapper\MyBatisTestMapper.class]
2017-12-25 11:00:16,955 DEBUG [main] o.m.s.mapper.ClassPathMapperScanner [ClassPathMapperScanner.java : 164] Creating MapperFactoryBean with name 'myBatisTestMapper' and 'com.example.demo.mapper.MyBatisTestMapper' mapperInterface
2017-12-25 11:00:16,956 DEBUG [main] o.m.s.mapper.ClassPathMapperScanner [ClassPathMapperScanner.java : 200] Enabling autowire by type for MapperFactoryBean with name 'myBatisTestMapper'.
2017-12-25 11:00:17,459 DEBUG [main] o.m.spring.SqlSessionFactoryBean [SqlSessionFactoryBean.java : 362] Property 'configLocation' not specified, using default MyBatis Configuration
2017-12-25 11:00:17,556 DEBUG [main] o.m.spring.SqlSessionFactoryBean [SqlSessionFactoryBean.java : 472] Parsed mapper file: 'file [D:\workspace\demo\target\classes\mapper\MyBatisTestMapper.xml]'
2017-12-25 11:00:18,946 INFO [main] com.example.demo.DemoApplication [StartupInfoLogger.java : 57] Started DemoApplication in 3.054 seconds (JVM running for 3.422)
2017-12-25 11:01:43,441 INFO [main] com.example.demo.DemoApplication [StartupInfoLogger.java : 48] Starting DemoApplication on WIN-RGMAF56EC79 with PID 3984 (D:\workspace\demo\target\classes started by Administrator in D:\workspace\demo)
2017-12-25 11:01:43,447 DEBUG [main] com.example.demo.DemoApplication [StartupInfoLogger.java : 51] Running with Spring Boot v1.5.9.RELEASE, Spring v4.3.13.RELEASE
2017-12-25 11:01:43,447 INFO [main] com.example.demo.DemoApplication [SpringApplication.java : 597] The following profiles are active: local
2017-12-25 11:01:43,559 DEBUG [background-preinit] org.jboss.logging [LoggerProviders.java : 160] Logging Provider: org.jboss.logging.Slf4jLoggerProvider found via system property
2017-12-25 11:01:45,539 DEBUG [main] o.m.spring.SqlSessionFactoryBean [SqlSessionFactoryBean.java : 362] Property 'configLocation' not specified, using default MyBatis Configuration
2017-12-25 11:01:45,904 DEBUG [main] o.m.spring.SqlSessionFactoryBean [SqlSessionFactoryBean.java : 472] Parsed mapper file: 'file [D:\workspace\demo\target\classes\mapper\MyBatisTestMapper.xml]'
2017-12-25 11:01:48,124 INFO [main] com.example.demo.DemoApplication [StartupInfoLogger.java : 57] Started DemoApplication in 6.22 seconds (JVM running for 9.108)
2017-12-25 11:02:41,524 INFO [main] com.example.demo.DemoApplication [StartupInfoLogger.java : 48] Starting DemoApplication on WIN-RGMAF56EC79 with PID 10684 (D:\workspace\demo\target\classes started by Administrator in D:\workspace\demo)
2017-12-25 11:02:41,533 DEBUG [main] com.example.demo.DemoApplication [StartupInfoLogger.java : 51] Running with Spring Boot v1.5.9.RELEASE, Spring v4.3.13.RELEASE
2017-12-25 11:02:41,533 INFO [main] com.example.demo.DemoApplication [SpringApplication.java : 597] The following profiles are active: local
2017-12-25 11:02:41,640 DEBUG [background-preinit] org.jboss.logging [LoggerProviders.java : 160] Logging Provider: org.jboss.logging.Slf4jLoggerProvider found via system property
2017-12-25 11:02:43,571 DEBUG [main] o.m.spring.SqlSessionFactoryBean [SqlSessionFactoryBean.java : 362] Property 'configLocation' not specified, using default MyBatis Configuration
2017-12-25 11:02:43,944 DEBUG [main] o.m.spring.SqlSessionFactoryBean [SqlSessionFactoryBean.java : 472] Parsed mapper file: 'file [D:\workspace\demo\target\classes\mapper\MyBatisTestMapper.xml]'
2017-12-25 11:02:46,217 INFO [main] com.example.demo.DemoApplication [StartupInfoLogger.java : 57] Started DemoApplication in 6.109 seconds (JVM running for 9.22)
2017-12-25 11:02:54,872 DEBUG [http-nio-8084-exec-3] org.mybatis.spring.SqlSessionUtils [SqlSessionUtils.java : 104] Creating a new SqlSession
2017-12-25 11:02:54,882 DEBUG [http-nio-8084-exec-3] org.mybatis.spring.SqlSessionUtils [SqlSessionUtils.java : 140] SqlSession [org.apache.ibatis.session.defaults.DefaultSqlSession@7ec824df] was not registered for synchronization because synchronization is not active
2017-12-25 11:02:55,579 DEBUG [http-nio-8084-exec-3] o.m.s.t.SpringManagedTransaction [SpringManagedTransaction.java : 86] JDBC Connection [ProxyConnection[PooledConnection[com.mysql.jdbc.JDBC4Connection@3478765]]] will not be managed by Spring
2017-12-25 11:02:55,587 DEBUG [http-nio-8084-exec-3] c.e.d.m.M.selectAllOauth2User [BaseJdbcLogger.java : 139] ==>  Preparing: select * from oauth2_user; 
2017-12-25 11:02:55,635 DEBUG [http-nio-8084-exec-3] c.e.d.m.M.selectAllOauth2User [BaseJdbcLogger.java : 139] ==> Parameters: 
2017-12-25 11:02:55,657 DEBUG [http-nio-8084-exec-3] c.e.d.m.M.selectAllOauth2User [BaseJdbcLogger.java : 139] <==      Total: 0
2017-12-25 11:02:55,658 DEBUG [http-nio-8084-exec-3] org.mybatis.spring.SqlSessionUtils [SqlSessionUtils.java : 168] Closing non transactional SqlSession [org.apache.ibatis.session.defaults.DefaultSqlSession@7ec824df]
2017-12-25 11:04:13,369 INFO [main] com.example.demo.DemoApplication [StartupInfoLogger.java : 48] Starting DemoApplication on WIN-RGMAF56EC79 with PID 2296 (D:\workspace\springboot-mybatis\target\classes started by Administrator in D:\workspace\springboot-mybatis)
2017-12-25 11:04:13,378 DEBUG [main] com.example.demo.DemoApplication [StartupInfoLogger.java : 51] Running with Spring Boot v1.5.9.RELEASE, Spring v4.3.13.RELEASE
2017-12-25 11:04:13,379 INFO [main] com.example.demo.DemoApplication [SpringApplication.java : 597] The following profiles are active: local
2017-12-25 11:04:13,536 DEBUG [background-preinit] org.jboss.logging [LoggerProviders.java : 160] Logging Provider: org.jboss.logging.Slf4jLoggerProvider found via system property
2017-12-25 11:04:15,887 DEBUG [main] o.m.spring.SqlSessionFactoryBean [SqlSessionFactoryBean.java : 362] Property 'configLocation' not specified, using default MyBatis Configuration
2017-12-25 11:04:16,348 DEBUG [main] o.m.spring.SqlSessionFactoryBean [SqlSessionFactoryBean.java : 472] Parsed mapper file: 'file [D:\workspace\springboot-mybatis\target\classes\mapper\MyBatisTestMapper.xml]'
2017-12-25 11:04:18,959 INFO [main] com.example.demo.DemoApplication [StartupInfoLogger.java : 57] Started DemoApplication in 7.498 seconds (JVM running for 11.052)
2017-12-25 11:04:23,948 DEBUG [http-nio-8084-exec-3] org.mybatis.spring.SqlSessionUtils [SqlSessionUtils.java : 104] Creating a new SqlSession
2017-12-25 11:04:23,956 DEBUG [http-nio-8084-exec-3] org.mybatis.spring.SqlSessionUtils [SqlSessionUtils.java : 140] SqlSession [org.apache.ibatis.session.defaults.DefaultSqlSession@40476f86] was not registered for synchronization because synchronization is not active
2017-12-25 11:04:24,608 DEBUG [http-nio-8084-exec-3] o.m.s.t.SpringManagedTransaction [SpringManagedTransaction.java : 86] JDBC Connection [ProxyConnection[PooledConnection[com.mysql.jdbc.JDBC4Connection@839ddf9]]] will not be managed by Spring
2017-12-25 11:04:24,616 DEBUG [http-nio-8084-exec-3] c.e.d.m.M.selectAllOauth2User [BaseJdbcLogger.java : 139] ==>  Preparing: select * from oauth2_user; 
2017-12-25 11:04:24,664 DEBUG [http-nio-8084-exec-3] c.e.d.m.M.selectAllOauth2User [BaseJdbcLogger.java : 139] ==> Parameters: 
2017-12-25 11:04:24,682 DEBUG [http-nio-8084-exec-3] c.e.d.m.M.selectAllOauth2User [BaseJdbcLogger.java : 139] <==      Total: 0
2017-12-25 11:04:24,684 DEBUG [http-nio-8084-exec-3] org.mybatis.spring.SqlSessionUtils [SqlSessionUtils.java : 168] Closing non transactional SqlSession [org.apache.ibatis.session.defaults.DefaultSqlSession@40476f86]
