2017-12-27 15:01:16,480 DEBUG [http-nio-8084-exec-8] org.mybatis.spring.SqlSessionUtils [SqlSessionUtils.java : 104] Creating a new SqlSession
2017-12-27 15:01:16,485 DEBUG [http-nio-8084-exec-8] org.mybatis.spring.SqlSessionUtils [SqlSessionUtils.java : 140] SqlSession [org.apache.ibatis.session.defaults.DefaultSqlSession@18978c62] was not registered for synchronization because synchronization is not active
2017-12-27 15:01:16,485 DEBUG [http-nio-8084-exec-8] o.m.s.t.SpringManagedTransaction [SpringManagedTransaction.java : 86] JDBC Connection [ProxyConnection[PooledConnection[com.mysql.jdbc.JDBC4Connection@2677fae5]]] will not be managed by Spring
2017-12-27 15:01:16,486 DEBUG [http-nio-8084-exec-8] c.e.d.m.M.selectAllOauth2User [BaseJdbcLogger.java : 139] ==>  Preparing: select * from oauth2_user; 
2017-12-27 15:01:16,487 DEBUG [http-nio-8084-exec-8] c.e.d.m.M.selectAllOauth2User [BaseJdbcLogger.java : 139] ==> Parameters: 
2017-12-27 15:01:16,490 DEBUG [http-nio-8084-exec-8] c.e.d.m.M.selectAllOauth2User [BaseJdbcLogger.java : 139] <==      Total: 1
2017-12-27 15:01:16,492 DEBUG [http-nio-8084-exec-8] org.mybatis.spring.SqlSessionUtils [SqlSessionUtils.java : 168] Closing non transactional SqlSession [org.apache.ibatis.session.defaults.DefaultSqlSession@18978c62]
2017-12-27 15:01:18,265 DEBUG [http-nio-8084-exec-9] org.mybatis.spring.SqlSessionUtils [SqlSessionUtils.java : 104] Creating a new SqlSession
2017-12-27 15:01:18,267 DEBUG [http-nio-8084-exec-9] org.mybatis.spring.SqlSessionUtils [SqlSessionUtils.java : 140] SqlSession [org.apache.ibatis.session.defaults.DefaultSqlSession@3ac60a67] was not registered for synchronization because synchronization is not active
2017-12-27 15:01:18,268 DEBUG [http-nio-8084-exec-9] o.m.s.t.SpringManagedTransaction [SpringManagedTransaction.java : 86] JDBC Connection [ProxyConnection[PooledConnection[com.mysql.jdbc.JDBC4Connection@2677fae5]]] will not be managed by Spring
2017-12-27 15:01:18,268 DEBUG [http-nio-8084-exec-9] c.e.d.m.M.selectAllOauth2User [BaseJdbcLogger.java : 139] ==>  Preparing: select * from oauth2_user; 
2017-12-27 15:01:18,269 DEBUG [http-nio-8084-exec-9] c.e.d.m.M.selectAllOauth2User [BaseJdbcLogger.java : 139] ==> Parameters: 
2017-12-27 15:01:18,270 DEBUG [http-nio-8084-exec-9] c.e.d.m.M.selectAllOauth2User [BaseJdbcLogger.java : 139] <==      Total: 1
2017-12-27 15:01:18,271 DEBUG [http-nio-8084-exec-9] org.mybatis.spring.SqlSessionUtils [SqlSessionUtils.java : 168] Closing non transactional SqlSession [org.apache.ibatis.session.defaults.DefaultSqlSession@3ac60a67]
2017-12-27 15:01:18,513 DEBUG [http-nio-8084-exec-10] org.mybatis.spring.SqlSessionUtils [SqlSessionUtils.java : 104] Creating a new SqlSession
2017-12-27 15:01:18,514 DEBUG [http-nio-8084-exec-10] org.mybatis.spring.SqlSessionUtils [SqlSessionUtils.java : 140] SqlSession [org.apache.ibatis.session.defaults.DefaultSqlSession@3e741859] was not registered for synchronization because synchronization is not active
2017-12-27 15:01:18,514 DEBUG [http-nio-8084-exec-10] o.m.s.t.SpringManagedTransaction [SpringManagedTransaction.java : 86] JDBC Connection [ProxyConnection[PooledConnection[com.mysql.jdbc.JDBC4Connection@2677fae5]]] will not be managed by Spring
2017-12-27 15:01:18,515 DEBUG [http-nio-8084-exec-10] c.e.d.m.M.selectAllOauth2User [BaseJdbcLogger.java : 139] ==>  Preparing: select * from oauth2_user; 
2017-12-27 15:01:18,515 DEBUG [http-nio-8084-exec-10] c.e.d.m.M.selectAllOauth2User [BaseJdbcLogger.java : 139] ==> Parameters: 
2017-12-27 15:01:18,516 DEBUG [http-nio-8084-exec-10] c.e.d.m.M.selectAllOauth2User [BaseJdbcLogger.java : 139] <==      Total: 1
2017-12-27 15:01:18,517 DEBUG [http-nio-8084-exec-10] org.mybatis.spring.SqlSessionUtils [SqlSessionUtils.java : 168] Closing non transactional SqlSession [org.apache.ibatis.session.defaults.DefaultSqlSession@3e741859]
2017-12-27 15:01:18,708 DEBUG [http-nio-8084-exec-1] org.mybatis.spring.SqlSessionUtils [SqlSessionUtils.java : 104] Creating a new SqlSession
2017-12-27 15:01:18,708 DEBUG [http-nio-8084-exec-1] org.mybatis.spring.SqlSessionUtils [SqlSessionUtils.java : 140] SqlSession [org.apache.ibatis.session.defaults.DefaultSqlSession@1256c3b3] was not registered for synchronization because synchronization is not active
2017-12-27 15:01:18,709 DEBUG [http-nio-8084-exec-1] o.m.s.t.SpringManagedTransaction [SpringManagedTransaction.java : 86] JDBC Connection [ProxyConnection[PooledConnection[com.mysql.jdbc.JDBC4Connection@2677fae5]]] will not be managed by Spring
2017-12-27 15:01:18,709 DEBUG [http-nio-8084-exec-1] c.e.d.m.M.selectAllOauth2User [BaseJdbcLogger.java : 139] ==>  Preparing: select * from oauth2_user; 
2017-12-27 15:01:18,710 DEBUG [http-nio-8084-exec-1] c.e.d.m.M.selectAllOauth2User [BaseJdbcLogger.java : 139] ==> Parameters: 
2017-12-27 15:01:18,711 DEBUG [http-nio-8084-exec-1] c.e.d.m.M.selectAllOauth2User [BaseJdbcLogger.java : 139] <==      Total: 1
2017-12-27 15:01:18,712 DEBUG [http-nio-8084-exec-1] org.mybatis.spring.SqlSessionUtils [SqlSessionUtils.java : 168] Closing non transactional SqlSession [org.apache.ibatis.session.defaults.DefaultSqlSession@1256c3b3]
2017-12-27 15:01:18,919 DEBUG [http-nio-8084-exec-2] org.mybatis.spring.SqlSessionUtils [SqlSessionUtils.java : 104] Creating a new SqlSession
2017-12-27 15:01:18,920 DEBUG [http-nio-8084-exec-2] org.mybatis.spring.SqlSessionUtils [SqlSessionUtils.java : 140] SqlSession [org.apache.ibatis.session.defaults.DefaultSqlSession@e05b9b6] was not registered for synchronization because synchronization is not active
2017-12-27 15:01:18,921 DEBUG [http-nio-8084-exec-2] o.m.s.t.SpringManagedTransaction [SpringManagedTransaction.java : 86] JDBC Connection [ProxyConnection[PooledConnection[com.mysql.jdbc.JDBC4Connection@2677fae5]]] will not be managed by Spring
2017-12-27 15:01:18,921 DEBUG [http-nio-8084-exec-2] c.e.d.m.M.selectAllOauth2User [BaseJdbcLogger.java : 139] ==>  Preparing: select * from oauth2_user; 
2017-12-27 15:01:18,922 DEBUG [http-nio-8084-exec-2] c.e.d.m.M.selectAllOauth2User [BaseJdbcLogger.java : 139] ==> Parameters: 
2017-12-27 15:01:18,923 DEBUG [http-nio-8084-exec-2] c.e.d.m.M.selectAllOauth2User [BaseJdbcLogger.java : 139] <==      Total: 1
2017-12-27 15:01:18,924 DEBUG [http-nio-8084-exec-2] org.mybatis.spring.SqlSessionUtils [SqlSessionUtils.java : 168] Closing non transactional SqlSession [org.apache.ibatis.session.defaults.DefaultSqlSession@e05b9b6]
2017-12-27 15:03:51,088 DEBUG [http-nio-8084-exec-3] org.mybatis.spring.SqlSessionUtils [SqlSessionUtils.java : 104] Creating a new SqlSession
2017-12-27 15:03:51,089 DEBUG [http-nio-8084-exec-3] org.mybatis.spring.SqlSessionUtils [SqlSessionUtils.java : 140] SqlSession [org.apache.ibatis.session.defaults.DefaultSqlSession@5af9f898] was not registered for synchronization because synchronization is not active
2017-12-27 15:03:51,090 DEBUG [http-nio-8084-exec-3] o.m.s.t.SpringManagedTransaction [SpringManagedTransaction.java : 86] JDBC Connection [ProxyConnection[PooledConnection[com.mysql.jdbc.JDBC4Connection@2677fae5]]] will not be managed by Spring
2017-12-27 15:03:51,090 DEBUG [http-nio-8084-exec-3] c.e.d.m.M.selectAllOauth2User [BaseJdbcLogger.java : 139] ==>  Preparing: select * from oauth2_user; 
2017-12-27 15:03:51,091 DEBUG [http-nio-8084-exec-3] c.e.d.m.M.selectAllOauth2User [BaseJdbcLogger.java : 139] ==> Parameters: 
2017-12-27 15:03:51,092 DEBUG [http-nio-8084-exec-3] c.e.d.m.M.selectAllOauth2User [BaseJdbcLogger.java : 139] <==      Total: 1
2017-12-27 15:03:51,093 DEBUG [http-nio-8084-exec-3] org.mybatis.spring.SqlSessionUtils [SqlSessionUtils.java : 168] Closing non transactional SqlSession [org.apache.ibatis.session.defaults.DefaultSqlSession@5af9f898]
2017-12-27 15:09:29,982 DEBUG [http-nio-8084-exec-4] org.mybatis.spring.SqlSessionUtils [SqlSessionUtils.java : 104] Creating a new SqlSession
2017-12-27 15:09:29,983 DEBUG [http-nio-8084-exec-4] org.mybatis.spring.SqlSessionUtils [SqlSessionUtils.java : 140] SqlSession [org.apache.ibatis.session.defaults.DefaultSqlSession@7ff10b43] was not registered for synchronization because synchronization is not active
2017-12-27 15:09:29,984 DEBUG [http-nio-8084-exec-4] o.m.s.t.SpringManagedTransaction [SpringManagedTransaction.java : 86] JDBC Connection [ProxyConnection[PooledConnection[com.mysql.jdbc.JDBC4Connection@2677fae5]]] will not be managed by Spring
2017-12-27 15:09:29,984 DEBUG [http-nio-8084-exec-4] c.e.d.m.M.selectAllOauth2User [BaseJdbcLogger.java : 139] ==>  Preparing: select * from oauth2_user; 
2017-12-27 15:09:29,985 DEBUG [http-nio-8084-exec-4] c.e.d.m.M.selectAllOauth2User [BaseJdbcLogger.java : 139] ==> Parameters: 
2017-12-27 15:09:29,986 DEBUG [http-nio-8084-exec-4] c.e.d.m.M.selectAllOauth2User [BaseJdbcLogger.java : 139] <==      Total: 1
2017-12-27 15:09:29,987 DEBUG [http-nio-8084-exec-4] org.mybatis.spring.SqlSessionUtils [SqlSessionUtils.java : 168] Closing non transactional SqlSession [org.apache.ibatis.session.defaults.DefaultSqlSession@7ff10b43]
2017-12-27 15:10:21,092 INFO [main] com.example.demo.DemoApplication [StartupInfoLogger.java : 48] Starting DemoApplication on WIN-RGMAF56EC79 with PID 9796 (D:\workspace\springboot-mybatis\target\classes started by Administrator in D:\workspace\springboot-mybatis)
2017-12-27 15:10:21,096 DEBUG [main] com.example.demo.DemoApplication [StartupInfoLogger.java : 51] Running with Spring Boot v1.5.9.RELEASE, Spring v4.3.13.RELEASE
2017-12-27 15:10:21,096 INFO [main] com.example.demo.DemoApplication [SpringApplication.java : 597] The following profiles are active: local
2017-12-27 15:10:21,358 DEBUG [background-preinit] org.jboss.logging [LoggerProviders.java : 160] Logging Provider: org.jboss.logging.Slf4jLoggerProvider found via system property
2017-12-27 15:10:21,701 DEBUG [main] o.m.s.mapper.ClassPathMapperScanner [ClassPathScanningCandidateComponentProvider.java : 294] Identified candidate component class: file [D:\workspace\springboot-mybatis\target\classes\com\example\demo\mapper\MyBatisTestMapper.class]
2017-12-27 15:10:21,702 DEBUG [main] o.m.s.mapper.ClassPathMapperScanner [ClassPathMapperScanner.java : 164] Creating MapperFactoryBean with name 'myBatisTestMapper' and 'com.example.demo.mapper.MyBatisTestMapper' mapperInterface
2017-12-27 15:10:21,703 DEBUG [main] o.m.s.mapper.ClassPathMapperScanner [ClassPathMapperScanner.java : 200] Enabling autowire by type for MapperFactoryBean with name 'myBatisTestMapper'.
2017-12-27 15:10:22,203 DEBUG [main] o.m.spring.SqlSessionFactoryBean [SqlSessionFactoryBean.java : 362] Property 'configLocation' not specified, using default MyBatis Configuration
2017-12-27 15:10:22,295 DEBUG [main] o.m.spring.SqlSessionFactoryBean [SqlSessionFactoryBean.java : 472] Parsed mapper file: 'file [D:\workspace\springboot-mybatis\target\classes\mapper\MyBatisTestMapper.xml]'
2017-12-27 15:10:23,622 INFO [main] com.example.demo.DemoApplication [StartupInfoLogger.java : 57] Started DemoApplication in 2.975 seconds (JVM running for 3.378)
2017-12-27 15:10:59,443 DEBUG [http-nio-8084-exec-5] org.mybatis.spring.SqlSessionUtils [SqlSessionUtils.java : 104] Creating a new SqlSession
2017-12-27 15:10:59,447 DEBUG [http-nio-8084-exec-5] org.mybatis.spring.SqlSessionUtils [SqlSessionUtils.java : 140] SqlSession [org.apache.ibatis.session.defaults.DefaultSqlSession@764740b8] was not registered for synchronization because synchronization is not active
2017-12-27 15:10:59,720 DEBUG [http-nio-8084-exec-5] o.m.s.t.SpringManagedTransaction [SpringManagedTransaction.java : 86] JDBC Connection [ProxyConnection[PooledConnection[com.mysql.jdbc.JDBC4Connection@b0e1257]]] will not be managed by Spring
2017-12-27 15:10:59,723 DEBUG [http-nio-8084-exec-5] c.e.d.m.M.selectAllOauth2User [BaseJdbcLogger.java : 139] ==>  Preparing: select * from oauth2_user; 
2017-12-27 15:10:59,739 DEBUG [http-nio-8084-exec-5] c.e.d.m.M.selectAllOauth2User [BaseJdbcLogger.java : 139] ==> Parameters: 
2017-12-27 15:10:59,748 DEBUG [http-nio-8084-exec-5] c.e.d.m.M.selectAllOauth2User [BaseJdbcLogger.java : 139] <==      Total: 1
2017-12-27 15:10:59,749 DEBUG [http-nio-8084-exec-5] org.mybatis.spring.SqlSessionUtils [SqlSessionUtils.java : 168] Closing non transactional SqlSession [org.apache.ibatis.session.defaults.DefaultSqlSession@764740b8]
2017-12-27 15:11:32,008 DEBUG [http-nio-8084-exec-9] org.mybatis.spring.SqlSessionUtils [SqlSessionUtils.java : 104] Creating a new SqlSession
2017-12-27 15:11:32,009 DEBUG [http-nio-8084-exec-9] org.mybatis.spring.SqlSessionUtils [SqlSessionUtils.java : 140] SqlSession [org.apache.ibatis.session.defaults.DefaultSqlSession@556e4bc8] was not registered for synchronization because synchronization is not active
2017-12-27 15:11:32,010 DEBUG [http-nio-8084-exec-9] o.m.s.t.SpringManagedTransaction [SpringManagedTransaction.java : 86] JDBC Connection [ProxyConnection[PooledConnection[com.mysql.jdbc.JDBC4Connection@b0e1257]]] will not be managed by Spring
2017-12-27 15:11:32,011 DEBUG [http-nio-8084-exec-9] c.e.d.m.M.selectAllOauth2User [BaseJdbcLogger.java : 139] ==>  Preparing: select * from oauth2_user; 
2017-12-27 15:11:32,011 DEBUG [http-nio-8084-exec-9] c.e.d.m.M.selectAllOauth2User [BaseJdbcLogger.java : 139] ==> Parameters: 
2017-12-27 15:11:32,013 DEBUG [http-nio-8084-exec-9] c.e.d.m.M.selectAllOauth2User [BaseJdbcLogger.java : 139] <==      Total: 1
2017-12-27 15:11:32,013 DEBUG [http-nio-8084-exec-9] org.mybatis.spring.SqlSessionUtils [SqlSessionUtils.java : 168] Closing non transactional SqlSession [org.apache.ibatis.session.defaults.DefaultSqlSession@556e4bc8]
2017-12-27 15:13:22,399 INFO [main] com.example.demo.DemoApplication [StartupInfoLogger.java : 48] Starting DemoApplication on WIN-RGMAF56EC79 with PID 6744 (D:\workspace\springboot-mybatis\target\classes started by Administrator in D:\workspace\springboot-mybatis)
2017-12-27 15:13:22,402 DEBUG [main] com.example.demo.DemoApplication [StartupInfoLogger.java : 51] Running with Spring Boot v1.5.9.RELEASE, Spring v4.3.13.RELEASE
2017-12-27 15:13:22,403 INFO [main] com.example.demo.DemoApplication [SpringApplication.java : 597] The following profiles are active: local
2017-12-27 15:13:22,690 DEBUG [background-preinit] org.jboss.logging [LoggerProviders.java : 160] Logging Provider: org.jboss.logging.Slf4jLoggerProvider found via system property
2017-12-27 15:13:23,042 DEBUG [main] o.m.s.mapper.ClassPathMapperScanner [ClassPathScanningCandidateComponentProvider.java : 294] Identified candidate component class: file [D:\workspace\springboot-mybatis\target\classes\com\example\demo\mapper\MyBatisTestMapper.class]
2017-12-27 15:13:23,043 DEBUG [main] o.m.s.mapper.ClassPathMapperScanner [ClassPathMapperScanner.java : 164] Creating MapperFactoryBean with name 'myBatisTestMapper' and 'com.example.demo.mapper.MyBatisTestMapper' mapperInterface
2017-12-27 15:13:23,044 DEBUG [main] o.m.s.mapper.ClassPathMapperScanner [ClassPathMapperScanner.java : 200] Enabling autowire by type for MapperFactoryBean with name 'myBatisTestMapper'.
2017-12-27 15:13:23,549 DEBUG [main] o.m.spring.SqlSessionFactoryBean [SqlSessionFactoryBean.java : 362] Property 'configLocation' not specified, using default MyBatis Configuration
2017-12-27 15:13:23,645 DEBUG [main] o.m.spring.SqlSessionFactoryBean [SqlSessionFactoryBean.java : 472] Parsed mapper file: 'file [D:\workspace\springboot-mybatis\target\classes\mapper\MyBatisTestMapper.xml]'
2017-12-27 15:13:24,989 INFO [main] com.example.demo.DemoApplication [StartupInfoLogger.java : 57] Started DemoApplication in 3.032 seconds (JVM running for 3.391)
2017-12-27 15:13:48,811 DEBUG [http-nio-8084-exec-1] org.mybatis.spring.SqlSessionUtils [SqlSessionUtils.java : 104] Creating a new SqlSession
2017-12-27 15:13:48,815 DEBUG [http-nio-8084-exec-1] org.mybatis.spring.SqlSessionUtils [SqlSessionUtils.java : 140] SqlSession [org.apache.ibatis.session.defaults.DefaultSqlSession@69f1eee2] was not registered for synchronization because synchronization is not active
2017-12-27 15:13:49,009 DEBUG [http-nio-8084-exec-1] o.m.s.t.SpringManagedTransaction [SpringManagedTransaction.java : 86] JDBC Connection [ProxyConnection[PooledConnection[com.mysql.jdbc.JDBC4Connection@231b9012]]] will not be managed by Spring
2017-12-27 15:13:49,013 DEBUG [http-nio-8084-exec-1] c.e.d.m.M.selectAllOauth2User [BaseJdbcLogger.java : 139] ==>  Preparing: select * from oauth2_user; 
2017-12-27 15:13:49,030 DEBUG [http-nio-8084-exec-1] c.e.d.m.M.selectAllOauth2User [BaseJdbcLogger.java : 139] ==> Parameters: 
2017-12-27 15:13:49,039 DEBUG [http-nio-8084-exec-1] c.e.d.m.M.selectAllOauth2User [BaseJdbcLogger.java : 139] <==      Total: 1
2017-12-27 15:13:49,041 DEBUG [http-nio-8084-exec-1] org.mybatis.spring.SqlSessionUtils [SqlSessionUtils.java : 168] Closing non transactional SqlSession [org.apache.ibatis.session.defaults.DefaultSqlSession@69f1eee2]
2017-12-27 15:14:22,751 INFO [main] com.example.demo.DemoApplication [StartupInfoLogger.java : 48] Starting DemoApplication on WIN-RGMAF56EC79 with PID 8596 (D:\workspace\springboot-mybatis\target\classes started by Administrator in D:\workspace\springboot-mybatis)
2017-12-27 15:14:22,758 DEBUG [main] com.example.demo.DemoApplication [StartupInfoLogger.java : 51] Running with Spring Boot v1.5.9.RELEASE, Spring v4.3.13.RELEASE
2017-12-27 15:14:22,759 INFO [main] com.example.demo.DemoApplication [SpringApplication.java : 597] The following profiles are active: local
2017-12-27 15:14:23,052 DEBUG [background-preinit] org.jboss.logging [LoggerProviders.java : 160] Logging Provider: org.jboss.logging.Slf4jLoggerProvider found via system property
2017-12-27 15:14:23,412 DEBUG [main] o.m.s.mapper.ClassPathMapperScanner [ClassPathScanningCandidateComponentProvider.java : 294] Identified candidate component class: file [D:\workspace\springboot-mybatis\target\classes\com\example\demo\mapper\MyBatisTestMapper.class]
2017-12-27 15:14:23,413 DEBUG [main] o.m.s.mapper.ClassPathMapperScanner [ClassPathMapperScanner.java : 164] Creating MapperFactoryBean with name 'myBatisTestMapper' and 'com.example.demo.mapper.MyBatisTestMapper' mapperInterface
2017-12-27 15:14:23,415 DEBUG [main] o.m.s.mapper.ClassPathMapperScanner [ClassPathMapperScanner.java : 200] Enabling autowire by type for MapperFactoryBean with name 'myBatisTestMapper'.
2017-12-27 15:14:24,005 DEBUG [main] o.m.spring.SqlSessionFactoryBean [SqlSessionFactoryBean.java : 362] Property 'configLocation' not specified, using default MyBatis Configuration
2017-12-27 15:14:24,120 DEBUG [main] o.m.spring.SqlSessionFactoryBean [SqlSessionFactoryBean.java : 472] Parsed mapper file: 'file [D:\workspace\springboot-mybatis\target\classes\mapper\MyBatisTestMapper.xml]'
2017-12-27 15:14:26,074 INFO [main] com.example.demo.DemoApplication [StartupInfoLogger.java : 57] Started DemoApplication in 3.979 seconds (JVM running for 4.818)
2017-12-27 15:17:12,014 DEBUG [http-nio-8084-exec-6] org.mybatis.spring.SqlSessionUtils [SqlSessionUtils.java : 104] Creating a new SqlSession
2017-12-27 15:17:12,018 DEBUG [http-nio-8084-exec-6] org.mybatis.spring.SqlSessionUtils [SqlSessionUtils.java : 140] SqlSession [org.apache.ibatis.session.defaults.DefaultSqlSession@4807de05] was not registered for synchronization because synchronization is not active
2017-12-27 15:17:12,321 DEBUG [http-nio-8084-exec-6] o.m.s.t.SpringManagedTransaction [SpringManagedTransaction.java : 86] JDBC Connection [ProxyConnection[PooledConnection[com.mysql.jdbc.JDBC4Connection@224f7c4c]]] will not be managed by Spring
2017-12-27 15:17:12,325 DEBUG [http-nio-8084-exec-6] c.e.d.m.M.selectAllOauth2User [BaseJdbcLogger.java : 139] ==>  Preparing: select * from oauth2_user; 
2017-12-27 15:17:12,344 DEBUG [http-nio-8084-exec-6] c.e.d.m.M.selectAllOauth2User [BaseJdbcLogger.java : 139] ==> Parameters: 
2017-12-27 15:17:12,354 DEBUG [http-nio-8084-exec-6] c.e.d.m.M.selectAllOauth2User [BaseJdbcLogger.java : 139] <==      Total: 1
2017-12-27 15:17:12,356 DEBUG [http-nio-8084-exec-6] org.mybatis.spring.SqlSessionUtils [SqlSessionUtils.java : 168] Closing non transactional SqlSession [org.apache.ibatis.session.defaults.DefaultSqlSession@4807de05]
2017-12-27 15:18:50,225 INFO [main] com.example.demo.DemoApplication [StartupInfoLogger.java : 48] Starting DemoApplication on WIN-RGMAF56EC79 with PID 14060 (D:\workspace\springboot-mybatis\target\classes started by Administrator in D:\workspace\springboot-mybatis)
2017-12-27 15:18:50,230 DEBUG [main] com.example.demo.DemoApplication [StartupInfoLogger.java : 51] Running with Spring Boot v1.5.9.RELEASE, Spring v4.3.13.RELEASE
2017-12-27 15:18:50,231 INFO [main] com.example.demo.DemoApplication [SpringApplication.java : 597] The following profiles are active: local
2017-12-27 15:18:50,525 DEBUG [background-preinit] org.jboss.logging [LoggerProviders.java : 160] Logging Provider: org.jboss.logging.Slf4jLoggerProvider found via system property
2017-12-27 15:18:50,910 DEBUG [main] o.m.s.mapper.ClassPathMapperScanner [ClassPathScanningCandidateComponentProvider.java : 294] Identified candidate component class: file [D:\workspace\springboot-mybatis\target\classes\com\example\demo\mapper\MyBatisTestMapper.class]
2017-12-27 15:18:50,911 DEBUG [main] o.m.s.mapper.ClassPathMapperScanner [ClassPathMapperScanner.java : 164] Creating MapperFactoryBean with name 'myBatisTestMapper' and 'com.example.demo.mapper.MyBatisTestMapper' mapperInterface
2017-12-27 15:18:50,912 DEBUG [main] o.m.s.mapper.ClassPathMapperScanner [ClassPathMapperScanner.java : 200] Enabling autowire by type for MapperFactoryBean with name 'myBatisTestMapper'.
2017-12-27 15:18:51,518 DEBUG [main] o.m.spring.SqlSessionFactoryBean [SqlSessionFactoryBean.java : 362] Property 'configLocation' not specified, using default MyBatis Configuration
2017-12-27 15:18:51,624 DEBUG [main] o.m.spring.SqlSessionFactoryBean [SqlSessionFactoryBean.java : 472] Parsed mapper file: 'file [D:\workspace\springboot-mybatis\target\classes\mapper\MyBatisTestMapper.xml]'
2017-12-27 15:18:53,383 INFO [main] com.example.demo.DemoApplication [StartupInfoLogger.java : 57] Started DemoApplication in 3.744 seconds (JVM running for 4.214)
2017-12-27 15:19:05,470 DEBUG [http-nio-8084-exec-1] org.mybatis.spring.SqlSessionUtils [SqlSessionUtils.java : 104] Creating a new SqlSession
2017-12-27 15:19:05,474 DEBUG [http-nio-8084-exec-1] org.mybatis.spring.SqlSessionUtils [SqlSessionUtils.java : 140] SqlSession [org.apache.ibatis.session.defaults.DefaultSqlSession@51cbd5cf] was not registered for synchronization because synchronization is not active
