2018-02-07 00:26:03,172 INFO [main] com.example.demo.DemoApplication [StartupInfoLogger.java : 48] Starting DemoApplication on WIN-RGMAF56EC79 with PID 10260 (D:\workspace\springboot-mybatis\target\classes started by Administrator in D:\workspace\springboot-mybatis)
2018-02-07 00:26:03,187 DEBUG [main] com.example.demo.DemoApplication [StartupInfoLogger.java : 51] Running with Spring Boot v1.5.9.RELEASE, Spring v4.3.13.RELEASE
2018-02-07 00:26:03,187 INFO [main] com.example.demo.DemoApplication [SpringApplication.java : 597] The following profiles are active: local
2018-02-07 00:26:03,770 DEBUG [background-preinit] org.jboss.logging [LoggerProviders.java : 160] Logging Provider: org.jboss.logging.Slf4jLoggerProvider found via system property
2018-02-07 00:26:04,487 DEBUG [main] o.m.s.mapper.ClassPathMapperScanner [ClassPathScanningCandidateComponentProvider.java : 294] Identified candidate component class: file [D:\workspace\springboot-mybatis\target\classes\com\example\demo\yearBills\mapper\YearBillMapper.class]
2018-02-07 00:26:04,489 DEBUG [main] o.m.s.mapper.ClassPathMapperScanner [ClassPathMapperScanner.java : 180] Creating MapperFactoryBean with name 'yearBillMapper' and 'com.example.demo.mapper.YearBillMapper' mapperInterface
2018-02-07 00:26:04,491 DEBUG [main] o.m.s.mapper.ClassPathMapperScanner [ClassPathMapperScanner.java : 216] Enabling autowire by type for MapperFactoryBean with name 'yearBillMapper'.
2018-02-07 00:26:07,721 DEBUG [main] o.m.spring.SqlSessionFactoryBean [SqlSessionFactoryBean.java : 529] Parsed mapper file: 'file [D:\workspace\springboot-mybatis\target\classes\mapper\YearBillMapper.xml]'
2018-02-07 00:26:09,704 INFO [main] com.example.demo.DemoApplication [StartupInfoLogger.java : 57] Started DemoApplication in 7.469 seconds (JVM running for 8.473)
2018-05-14 11:10:24,261 INFO [main] com.example.demo.DemoApplication [StartupInfoLogger.java : 48] Starting DemoApplication on WIN-347U4K4RRNK with PID 3560 (E:\workspace\springboot-mybatis&logback\target\classes started by Administrator in E:\workspace\springboot-mybatis&logback)
2018-05-14 11:10:24,265 DEBUG [main] com.example.demo.DemoApplication [StartupInfoLogger.java : 51] Running with Spring Boot v1.5.9.RELEASE, Spring v4.3.13.RELEASE
2018-05-14 11:10:24,266 INFO [main] com.example.demo.DemoApplication [SpringApplication.java : 597] The following profiles are active: local
2018-05-14 11:10:24,561 DEBUG [background-preinit] org.jboss.logging [LoggerProviders.java : 160] Logging Provider: org.jboss.logging.Slf4jLoggerProvider found via system property
2018-05-14 11:10:25,355 DEBUG [main] o.m.s.mapper.ClassPathMapperScanner [ClassPathScanningCandidateComponentProvider.java : 294] Identified candidate component class: file [E:\workspace\springboot-mybatis&logback\target\classes\com\example\demo\mapper\PersonMapper.class]
2018-05-14 11:10:25,357 DEBUG [main] o.m.s.mapper.ClassPathMapperScanner [ClassPathMapperScanner.java : 180] Creating MapperFactoryBean with name 'personMapper' and 'com.example.demo.mapper.PersonMapper' mapperInterface
2018-05-14 11:10:25,358 DEBUG [main] o.m.s.mapper.ClassPathMapperScanner [ClassPathMapperScanner.java : 216] Enabling autowire by type for MapperFactoryBean with name 'personMapper'.
2018-05-14 11:10:27,431 DEBUG [main] o.m.spring.SqlSessionFactoryBean [SqlSessionFactoryBean.java : 529] Parsed mapper file: 'file [E:\workspace\springboot-mybatis&logback\target\classes\mapper\PersonMapper.xml]'
2018-05-14 11:10:27,508 ERROR [main] o.s.boot.SpringApplication [SpringApplication.java : 771] Application startup failed
org.springframework.beans.factory.UnsatisfiedDependencyException: Error creating bean with name 'personController': Unsatisfied dependency expressed through field 'personService'; nested exception is org.springframework.beans.factory.UnsatisfiedDependencyException: Error creating bean with name 'personService': Unsatisfied dependency expressed through field 'personMapper'; nested exception is org.springframework.beans.factory.UnsatisfiedDependencyException: Error creating bean with name 'personMapper' defined in file [E:\workspace\springboot-mybatis&logback\target\classes\com\example\demo\mapper\PersonMapper.class]: Unsatisfied dependency expressed through bean property 'sqlSessionFactory'; nested exception is org.springframework.beans.factory.BeanCreationException: Error creating bean with name 'sqlSessionFactory' defined in class path resource [org/mybatis/spring/boot/autoconfigure/MybatisAutoConfiguration.class]: Bean instantiation via factory method failed; nested exception is org.springframework.beans.BeanInstantiationException: Failed to instantiate [org.apache.ibatis.session.SqlSessionFactory]: Factory method 'sqlSessionFactory' threw exception; nested exception is org.springframework.core.NestedIOException: Failed to parse mapping resource: 'file [E:\workspace\springboot-mybatis&logback\target\classes\mapper\YearBillMapper.xml]'; nested exception is org.apache.ibatis.builder.BuilderException: Error parsing Mapper XML. Cause: org.apache.ibatis.builder.BuilderException: Error resolving class. Cause: org.apache.ibatis.type.TypeException: Could not resolve type alias 'com.example.demo.domain.YearBill'.  Cause: java.lang.ClassNotFoundException: Cannot find class: com.example.demo.domain.YearBill
	at org.springframework.beans.factory.annotation.AutowiredAnnotationBeanPostProcessor$AutowiredFieldElement.inject(AutowiredAnnotationBeanPostProcessor.java:588)
	at org.springframework.beans.factory.annotation.InjectionMetadata.inject(InjectionMetadata.java:88)
	at org.springframework.beans.factory.annotation.AutowiredAnnotationBeanPostProcessor.postProcessPropertyValues(AutowiredAnnotationBeanPostProcessor.java:366)
	at org.springframework.beans.factory.support.AbstractAutowireCapableBeanFactory.populateBean(AbstractAutowireCapableBeanFactory.java:1264)
	at org.springframework.beans.factory.support.AbstractAutowireCapableBeanFactory.doCreateBean(AbstractAutowireCapableBeanFactory.java:553)
	at org.springframework.beans.factory.support.AbstractAutowireCapableBeanFactory.createBean(AbstractAutowireCapableBeanFactory.java:483)
	at org.springframework.beans.factory.support.AbstractBeanFactory$1.getObject(AbstractBeanFactory.java:306)
	at org.springframework.beans.factory.support.DefaultSingletonBeanRegistry.getSingleton(DefaultSingletonBeanRegistry.java:230)
	at org.springframework.beans.factory.support.AbstractBeanFactory.doGetBean(AbstractBeanFactory.java:302)
	at org.springframework.beans.factory.support.AbstractBeanFactory.getBean(AbstractBeanFactory.java:197)
	at org.springframework.beans.factory.support.DefaultListableBeanFactory.preInstantiateSingletons(DefaultListableBeanFactory.java:761)
	at org.springframework.context.support.AbstractApplicationContext.finishBeanFactoryInitialization(AbstractApplicationContext.java:867)
	at org.springframework.context.support.AbstractApplicationContext.refresh(AbstractApplicationContext.java:543)
	at org.springframework.boot.context.embedded.EmbeddedWebApplicationContext.refresh(EmbeddedWebApplicationContext.java:122)
	at org.springframework.boot.SpringApplication.refresh(SpringApplication.java:693)
	at org.springframework.boot.SpringApplication.refreshContext(SpringApplication.java:360)
	at org.springframework.boot.SpringApplication.run(SpringApplication.java:303)
	at org.springframework.boot.SpringApplication.run(SpringApplication.java:1118)
	at org.springframework.boot.SpringApplication.run(SpringApplication.java:1107)
	at com.example.demo.DemoApplication.main(DemoApplication.java:12)
Caused by: org.springframework.beans.factory.UnsatisfiedDependencyException: Error creating bean with name 'personService': Unsatisfied dependency expressed through field 'personMapper'; nested exception is org.springframework.beans.factory.UnsatisfiedDependencyException: Error creating bean with name 'personMapper' defined in file [E:\workspace\springboot-mybatis&logback\target\classes\com\example\demo\mapper\PersonMapper.class]: Unsatisfied dependency expressed through bean property 'sqlSessionFactory'; nested exception is org.springframework.beans.factory.BeanCreationException: Error creating bean with name 'sqlSessionFactory' defined in class path resource [org/mybatis/spring/boot/autoconfigure/MybatisAutoConfiguration.class]: Bean instantiation via factory method failed; nested exception is org.springframework.beans.BeanInstantiationException: Failed to instantiate [org.apache.ibatis.session.SqlSessionFactory]: Factory method 'sqlSessionFactory' threw exception; nested exception is org.springframework.core.NestedIOException: Failed to parse mapping resource: 'file [E:\workspace\springboot-mybatis&logback\target\classes\mapper\YearBillMapper.xml]'; nested exception is org.apache.ibatis.builder.BuilderException: Error parsing Mapper XML. Cause: org.apache.ibatis.builder.BuilderException: Error resolving class. Cause: org.apache.ibatis.type.TypeException: Could not resolve type alias 'com.example.demo.domain.YearBill'.  Cause: java.lang.ClassNotFoundException: Cannot find class: com.example.demo.domain.YearBill
	at org.springframework.beans.factory.annotation.AutowiredAnnotationBeanPostProcessor$AutowiredFieldElement.inject(AutowiredAnnotationBeanPostProcessor.java:588)
	at org.springframework.beans.factory.annotation.InjectionMetadata.inject(InjectionMetadata.java:88)
	at org.springframework.beans.factory.annotation.AutowiredAnnotationBeanPostProcessor.postProcessPropertyValues(AutowiredAnnotationBeanPostProcessor.java:366)
	at org.springframework.beans.factory.support.AbstractAutowireCapableBeanFactory.populateBean(AbstractAutowireCapableBeanFactory.java:1264)
	at org.springframework.beans.factory.support.AbstractAutowireCapableBeanFactory.doCreateBean(AbstractAutowireCapableBeanFactory.java:553)
	at org.springframework.beans.factory.support.AbstractAutowireCapableBeanFactory.createBean(AbstractAutowireCapableBeanFactory.java:483)
	at org.springframework.beans.factory.support.AbstractBeanFactory$1.getObject(AbstractBeanFactory.java:306)
	at org.springframework.beans.factory.support.DefaultSingletonBeanRegistry.getSingleton(DefaultSingletonBeanRegistry.java:230)
	at org.springframework.beans.factory.support.AbstractBeanFactory.doGetBean(AbstractBeanFactory.java:302)
	at org.springframework.beans.factory.support.AbstractBeanFactory.getBean(AbstractBeanFactory.java:202)
	at org.springframework.beans.factory.config.DependencyDescriptor.resolveCandidate(DependencyDescriptor.java:208)
	at org.springframework.beans.factory.support.DefaultListableBeanFactory.doResolveDependency(DefaultListableBeanFactory.java:1138)
	at org.springframework.beans.factory.support.DefaultListableBeanFactory.resolveDependency(DefaultListableBeanFactory.java:1066)
	at org.springframework.beans.factory.annotation.AutowiredAnnotationBeanPostProcessor$AutowiredFieldElement.inject(AutowiredAnnotationBeanPostProcessor.java:585)
	... 19 common frames omitted
Caused by: org.springframework.beans.factory.UnsatisfiedDependencyException: Error creating bean with name 'personMapper' defined in file [E:\workspace\springboot-mybatis&logback\target\classes\com\example\demo\mapper\PersonMapper.class]: Unsatisfied dependency expressed through bean property 'sqlSessionFactory'; nested exception is org.springframework.beans.factory.BeanCreationException: Error creating bean with name 'sqlSessionFactory' defined in class path resource [org/mybatis/spring/boot/autoconfigure/MybatisAutoConfiguration.class]: Bean instantiation via factory method failed; nested exception is org.springframework.beans.BeanInstantiationException: Failed to instantiate [org.apache.ibatis.session.SqlSessionFactory]: Factory method 'sqlSessionFactory' threw exception; nested exception is org.springframework.core.NestedIOException: Failed to parse mapping resource: 'file [E:\workspace\springboot-mybatis&logback\target\classes\mapper\YearBillMapper.xml]'; nested exception is org.apache.ibatis.builder.BuilderException: Error parsing Mapper XML. Cause: org.apache.ibatis.builder.BuilderException: Error resolving class. Cause: org.apache.ibatis.type.TypeException: Could not resolve type alias 'com.example.demo.domain.YearBill'.  Cause: java.lang.ClassNotFoundException: Cannot find class: com.example.demo.domain.YearBill
	at org.springframework.beans.factory.support.AbstractAutowireCapableBeanFactory.autowireByType(AbstractAutowireCapableBeanFactory.java:1357)
	at org.springframework.beans.factory.support.AbstractAutowireCapableBeanFactory.populateBean(AbstractAutowireCapableBeanFactory.java:1249)
	at org.springframework.beans.factory.support.AbstractAutowireCapableBeanFactory.doCreateBean(AbstractAutowireCapableBeanFactory.java:553)
	at org.springframework.beans.factory.support.AbstractAutowireCapableBeanFactory.createBean(AbstractAutowireCapableBeanFactory.java:483)
	at org.springframework.beans.factory.support.AbstractBeanFactory$1.getObject(AbstractBeanFactory.java:306)
	at org.springframework.beans.factory.support.DefaultSingletonBeanRegistry.getSingleton(DefaultSingletonBeanRegistry.java:230)
	at org.springframework.beans.factory.support.AbstractBeanFactory.doGetBean(AbstractBeanFactory.java:302)
	at org.springframework.beans.factory.support.AbstractBeanFactory.getBean(AbstractBeanFactory.java:202)
	at org.springframework.beans.factory.config.DependencyDescriptor.resolveCandidate(DependencyDescriptor.java:208)
	at org.springframework.beans.factory.support.DefaultListableBeanFactory.doResolveDependency(DefaultListableBeanFactory.java:1138)
	at org.springframework.beans.factory.support.DefaultListableBeanFactory.resolveDependency(DefaultListableBeanFactory.java:1066)
	at org.springframework.beans.factory.annotation.AutowiredAnnotationBeanPostProcessor$AutowiredFieldElement.inject(AutowiredAnnotationBeanPostProcessor.java:585)
	... 32 common frames omitted
Caused by: org.springframework.beans.factory.BeanCreationException: Error creating bean with name 'sqlSessionFactory' defined in class path resource [org/mybatis/spring/boot/autoconfigure/MybatisAutoConfiguration.class]: Bean instantiation via factory method failed; nested exception is org.springframework.beans.BeanInstantiationException: Failed to instantiate [org.apache.ibatis.session.SqlSessionFactory]: Factory method 'sqlSessionFactory' threw exception; nested exception is org.springframework.core.NestedIOException: Failed to parse mapping resource: 'file [E:\workspace\springboot-mybatis&logback\target\classes\mapper\YearBillMapper.xml]'; nested exception is org.apache.ibatis.builder.BuilderException: Error parsing Mapper XML. Cause: org.apache.ibatis.builder.BuilderException: Error resolving class. Cause: org.apache.ibatis.type.TypeException: Could not resolve type alias 'com.example.demo.domain.YearBill'.  Cause: java.lang.ClassNotFoundException: Cannot find class: com.example.demo.domain.YearBill
	at org.springframework.beans.factory.support.ConstructorResolver.instantiateUsingFactoryMethod(ConstructorResolver.java:599)
	at org.springframework.beans.factory.support.AbstractAutowireCapableBeanFactory.instantiateUsingFactoryMethod(AbstractAutowireCapableBeanFactory.java:1173)
	at org.springframework.beans.factory.support.AbstractAutowireCapableBeanFactory.createBeanInstance(AbstractAutowireCapableBeanFactory.java:1067)
	at org.springframework.beans.factory.support.AbstractAutowireCapableBeanFactory.doCreateBean(AbstractAutowireCapableBeanFactory.java:513)
	at org.springframework.beans.factory.support.AbstractAutowireCapableBeanFactory.createBean(AbstractAutowireCapableBeanFactory.java:483)
	at org.springframework.beans.factory.support.AbstractBeanFactory$1.getObject(AbstractBeanFactory.java:306)
	at org.springframework.beans.factory.support.DefaultSingletonBeanRegistry.getSingleton(DefaultSingletonBeanRegistry.java:230)
	at org.springframework.beans.factory.support.AbstractBeanFactory.doGetBean(AbstractBeanFactory.java:302)
	at org.springframework.beans.factory.support.AbstractBeanFactory.getBean(AbstractBeanFactory.java:202)
	at org.springframework.beans.factory.config.DependencyDescriptor.resolveCandidate(DependencyDescriptor.java:208)
	at org.springframework.beans.factory.support.DefaultListableBeanFactory.doResolveDependency(DefaultListableBeanFactory.java:1138)
	at org.springframework.beans.factory.support.DefaultListableBeanFactory.resolveDependency(DefaultListableBeanFactory.java:1066)
	at org.springframework.beans.factory.support.AbstractAutowireCapableBeanFactory.autowireByType(AbstractAutowireCapableBeanFactory.java:1342)
	... 43 common frames omitted
Caused by: org.springframework.beans.BeanInstantiationException: Failed to instantiate [org.apache.ibatis.session.SqlSessionFactory]: Factory method 'sqlSessionFactory' threw exception; nested exception is org.springframework.core.NestedIOException: Failed to parse mapping resource: 'file [E:\workspace\springboot-mybatis&logback\target\classes\mapper\YearBillMapper.xml]'; nested exception is org.apache.ibatis.builder.BuilderException: Error parsing Mapper XML. Cause: org.apache.ibatis.builder.BuilderException: Error resolving class. Cause: org.apache.ibatis.type.TypeException: Could not resolve type alias 'com.example.demo.domain.YearBill'.  Cause: java.lang.ClassNotFoundException: Cannot find class: com.example.demo.domain.YearBill
	at org.springframework.beans.factory.support.SimpleInstantiationStrategy.instantiate(SimpleInstantiationStrategy.java:189)
	at org.springframework.beans.factory.support.ConstructorResolver.instantiateUsingFactoryMethod(ConstructorResolver.java:588)
	... 55 common frames omitted
Caused by: org.springframework.core.NestedIOException: Failed to parse mapping resource: 'file [E:\workspace\springboot-mybatis&logback\target\classes\mapper\YearBillMapper.xml]'; nested exception is org.apache.ibatis.builder.BuilderException: Error parsing Mapper XML. Cause: org.apache.ibatis.builder.BuilderException: Error resolving class. Cause: org.apache.ibatis.type.TypeException: Could not resolve type alias 'com.example.demo.domain.YearBill'.  Cause: java.lang.ClassNotFoundException: Cannot find class: com.example.demo.domain.YearBill
	at org.mybatis.spring.SqlSessionFactoryBean.buildSqlSessionFactory(SqlSessionFactoryBean.java:523)
	at org.mybatis.spring.SqlSessionFactoryBean.afterPropertiesSet(SqlSessionFactoryBean.java:380)
	at org.mybatis.spring.SqlSessionFactoryBean.getObject(SqlSessionFactoryBean.java:547)
	at org.mybatis.spring.boot.autoconfigure.MybatisAutoConfiguration.sqlSessionFactory(MybatisAutoConfiguration.java:153)
	at org.mybatis.spring.boot.autoconfigure.MybatisAutoConfiguration$$EnhancerBySpringCGLIB$$1876c4e3.CGLIB$sqlSessionFactory$1(<generated>)
	at org.mybatis.spring.boot.autoconfigure.MybatisAutoConfiguration$$EnhancerBySpringCGLIB$$1876c4e3$$FastClassBySpringCGLIB$$a46312d3.invoke(<generated>)
	at org.springframework.cglib.proxy.MethodProxy.invokeSuper(MethodProxy.java:228)
	at org.springframework.context.annotation.ConfigurationClassEnhancer$BeanMethodInterceptor.intercept(ConfigurationClassEnhancer.java:358)
	at org.mybatis.spring.boot.autoconfigure.MybatisAutoConfiguration$$EnhancerBySpringCGLIB$$1876c4e3.sqlSessionFactory(<generated>)
	at sun.reflect.NativeMethodAccessorImpl.invoke0(Native Method)
	at sun.reflect.NativeMethodAccessorImpl.invoke(NativeMethodAccessorImpl.java:62)
	at sun.reflect.DelegatingMethodAccessorImpl.invoke(DelegatingMethodAccessorImpl.java:43)
	at java.lang.reflect.Method.invoke(Method.java:498)
	at org.springframework.beans.factory.support.SimpleInstantiationStrategy.instantiate(SimpleInstantiationStrategy.java:162)
	... 56 common frames omitted
Caused by: org.apache.ibatis.builder.BuilderException: Error parsing Mapper XML. Cause: org.apache.ibatis.builder.BuilderException: Error resolving class. Cause: org.apache.ibatis.type.TypeException: Could not resolve type alias 'com.example.demo.domain.YearBill'.  Cause: java.lang.ClassNotFoundException: Cannot find class: com.example.demo.domain.YearBill
	at org.apache.ibatis.builder.xml.XMLMapperBuilder.configurationElement(XMLMapperBuilder.java:120)
	at org.apache.ibatis.builder.xml.XMLMapperBuilder.parse(XMLMapperBuilder.java:92)
	at org.mybatis.spring.SqlSessionFactoryBean.buildSqlSessionFactory(SqlSessionFactoryBean.java:521)
	... 69 common frames omitted
Caused by: org.apache.ibatis.builder.BuilderException: Error resolving class. Cause: org.apache.ibatis.type.TypeException: Could not resolve type alias 'com.example.demo.domain.YearBill'.  Cause: java.lang.ClassNotFoundException: Cannot find class: com.example.demo.domain.YearBill
	at org.apache.ibatis.builder.BaseBuilder.resolveClass(BaseBuilder.java:118)
	at org.apache.ibatis.builder.xml.XMLMapperBuilder.resultMapElement(XMLMapperBuilder.java:265)
	at org.apache.ibatis.builder.xml.XMLMapperBuilder.resultMapElement(XMLMapperBuilder.java:252)
	at org.apache.ibatis.builder.xml.XMLMapperBuilder.resultMapElements(XMLMapperBuilder.java:244)
	at org.apache.ibatis.builder.xml.XMLMapperBuilder.configurationElement(XMLMapperBuilder.java:116)
	... 71 common frames omitted
Caused by: org.apache.ibatis.type.TypeException: Could not resolve type alias 'com.example.demo.domain.YearBill'.  Cause: java.lang.ClassNotFoundException: Cannot find class: com.example.demo.domain.YearBill
	at org.apache.ibatis.type.TypeAliasRegistry.resolveAlias(TypeAliasRegistry.java:120)
	at org.apache.ibatis.builder.BaseBuilder.resolveAlias(BaseBuilder.java:149)
	at org.apache.ibatis.builder.BaseBuilder.resolveClass(BaseBuilder.java:116)
	... 75 common frames omitted
Caused by: java.lang.ClassNotFoundException: Cannot find class: com.example.demo.domain.YearBill
	at org.apache.ibatis.io.ClassLoaderWrapper.classForName(ClassLoaderWrapper.java:200)
	at org.apache.ibatis.io.ClassLoaderWrapper.classForName(ClassLoaderWrapper.java:89)
	at org.apache.ibatis.io.Resources.classForName(Resources.java:261)
	at org.apache.ibatis.type.TypeAliasRegistry.resolveAlias(TypeAliasRegistry.java:116)
	... 77 common frames omitted
2018-05-14 11:11:50,429 INFO [main] com.example.demo.DemoApplication [StartupInfoLogger.java : 48] Starting DemoApplication on WIN-347U4K4RRNK with PID 6352 (E:\workspace\springboot-mybatis&logback\target\classes started by Administrator in E:\workspace\springboot-mybatis&logback)
2018-05-14 11:11:50,432 DEBUG [main] com.example.demo.DemoApplication [StartupInfoLogger.java : 51] Running with Spring Boot v1.5.9.RELEASE, Spring v4.3.13.RELEASE
2018-05-14 11:11:50,432 INFO [main] com.example.demo.DemoApplication [SpringApplication.java : 597] The following profiles are active: local
2018-05-14 11:11:50,649 DEBUG [background-preinit] org.jboss.logging [LoggerProviders.java : 160] Logging Provider: org.jboss.logging.Slf4jLoggerProvider found via system property
2018-05-14 11:11:50,961 DEBUG [main] o.m.s.mapper.ClassPathMapperScanner [ClassPathScanningCandidateComponentProvider.java : 294] Identified candidate component class: file [E:\workspace\springboot-mybatis&logback\target\classes\com\example\demo\mapper\PersonMapper.class]
2018-05-14 11:11:50,962 DEBUG [main] o.m.s.mapper.ClassPathMapperScanner [ClassPathMapperScanner.java : 180] Creating MapperFactoryBean with name 'personMapper' and 'com.example.demo.mapper.PersonMapper' mapperInterface
2018-05-14 11:11:50,963 DEBUG [main] o.m.s.mapper.ClassPathMapperScanner [ClassPathMapperScanner.java : 216] Enabling autowire by type for MapperFactoryBean with name 'personMapper'.
2018-05-14 11:11:52,350 DEBUG [main] o.m.spring.SqlSessionFactoryBean [SqlSessionFactoryBean.java : 529] Parsed mapper file: 'file [E:\workspace\springboot-mybatis&logback\target\classes\mapper\PersonMapper.xml]'
2018-05-14 11:11:52,569 DEBUG [main] c.e.d.config.LiquibaseConfiguration [LiquibaseConfiguration.java : 27] Configuring liquibase suceess
2018-05-14 11:11:52,596 INFO [main] c.alibaba.druid.pool.DruidDataSource [DruidDataSource.java : 667] {dataSource-1} inited
2018-05-14 11:11:53,800 DEBUG [main] LiquibaseSchemaResolver [CommonsLoggingLiquibaseLogger.java : 106] Found namespace details class liquibase.parser.core.xml.StandardNamespaceDetails for http://www.liquibase.org/xml/ns/dbchangelog/dbchangelog-3.4.xsd
2018-05-14 11:11:53,801 DEBUG [main] LiquibaseSchemaResolver [CommonsLoggingLiquibaseLogger.java : 106] Local path for http://www.liquibase.org/xml/ns/dbchangelog/dbchangelog-3.4.xsd is liquibase/parser/core/xml/dbchangelog-3.4.xsd
2018-05-14 11:11:53,802 DEBUG [main] LiquibaseSchemaResolver [CommonsLoggingLiquibaseLogger.java : 106] Successfully loaded XSD from liquibase/parser/core/xml/dbchangelog-3.4.xsd
2018-05-14 11:11:53,939 INFO [main] c.alibaba.druid.pool.DruidDataSource [DruidDataSource.java : 1383] {dataSource-1} closed
2018-05-14 11:11:53,959 ERROR [main] o.s.boot.SpringApplication [SpringApplication.java : 771] Application startup failed
org.springframework.beans.factory.BeanCreationException: Error creating bean with name 'liquibase' defined in class path resource [com/example/demo/config/LiquibaseConfiguration.class]: Invocation of init method failed; nested exception is liquibase.exception.ChangeLogParseException: liquibase.exception.SetupException: Error Reading Migration File: class path resource [config/liquibase/changelog/201712131029_add_holiday.xml] cannot be resolved to URL because it does not exist
	at org.springframework.beans.factory.support.AbstractAutowireCapableBeanFactory.initializeBean(AbstractAutowireCapableBeanFactory.java:1628)
	at org.springframework.beans.factory.support.AbstractAutowireCapableBeanFactory.doCreateBean(AbstractAutowireCapableBeanFactory.java:555)
	at org.springframework.beans.factory.support.AbstractAutowireCapableBeanFactory.createBean(AbstractAutowireCapableBeanFactory.java:483)
	at org.springframework.beans.factory.support.AbstractBeanFactory$1.getObject(AbstractBeanFactory.java:306)
	at org.springframework.beans.factory.support.DefaultSingletonBeanRegistry.getSingleton(DefaultSingletonBeanRegistry.java:230)
	at org.springframework.beans.factory.support.AbstractBeanFactory.doGetBean(AbstractBeanFactory.java:302)
	at org.springframework.beans.factory.support.AbstractBeanFactory.getBean(AbstractBeanFactory.java:197)
	at org.springframework.beans.factory.support.DefaultListableBeanFactory.preInstantiateSingletons(DefaultListableBeanFactory.java:761)
	at org.springframework.context.support.AbstractApplicationContext.finishBeanFactoryInitialization(AbstractApplicationContext.java:867)
	at org.springframework.context.support.AbstractApplicationContext.refresh(AbstractApplicationContext.java:543)
	at org.springframework.boot.context.embedded.EmbeddedWebApplicationContext.refresh(EmbeddedWebApplicationContext.java:122)
	at org.springframework.boot.SpringApplication.refresh(SpringApplication.java:693)
	at org.springframework.boot.SpringApplication.refreshContext(SpringApplication.java:360)
	at org.springframework.boot.SpringApplication.run(SpringApplication.java:303)
	at org.springframework.boot.SpringApplication.run(SpringApplication.java:1118)
	at org.springframework.boot.SpringApplication.run(SpringApplication.java:1107)
	at com.example.demo.DemoApplication.main(DemoApplication.java:12)
Caused by: liquibase.exception.ChangeLogParseException: liquibase.exception.SetupException: Error Reading Migration File: class path resource [config/liquibase/changelog/201712131029_add_holiday.xml] cannot be resolved to URL because it does not exist
	at liquibase.parser.core.xml.AbstractChangeLogParser.parse(AbstractChangeLogParser.java:27)
	at liquibase.Liquibase.getDatabaseChangeLog(Liquibase.java:229)
	at liquibase.Liquibase.update(Liquibase.java:202)
	at liquibase.Liquibase.update(Liquibase.java:192)
	at liquibase.integration.spring.SpringLiquibase.performUpdate(SpringLiquibase.java:431)
	at liquibase.integration.spring.SpringLiquibase.afterPropertiesSet(SpringLiquibase.java:388)
	at org.springframework.beans.factory.support.AbstractAutowireCapableBeanFactory.invokeInitMethods(AbstractAutowireCapableBeanFactory.java:1687)
	at org.springframework.beans.factory.support.AbstractAutowireCapableBeanFactory.initializeBean(AbstractAutowireCapableBeanFactory.java:1624)
	... 16 common frames omitted
Caused by: liquibase.exception.SetupException: Error Reading Migration File: class path resource [config/liquibase/changelog/201712131029_add_holiday.xml] cannot be resolved to URL because it does not exist
	at liquibase.changelog.DatabaseChangeLog.handleChildNode(DatabaseChangeLog.java:322)
	at liquibase.changelog.DatabaseChangeLog.load(DatabaseChangeLog.java:282)
	at liquibase.parser.core.xml.AbstractChangeLogParser.parse(AbstractChangeLogParser.java:25)
	... 23 common frames omitted
Caused by: liquibase.exception.ChangeLogParseException: Error Reading Migration File: class path resource [config/liquibase/changelog/201712131029_add_holiday.xml] cannot be resolved to URL because it does not exist
	at liquibase.parser.core.xml.XMLChangeLogSAXParser.parseToNode(XMLChangeLogSAXParser.java:112)
	at liquibase.parser.core.xml.AbstractChangeLogParser.parse(AbstractChangeLogParser.java:17)
	at liquibase.changelog.DatabaseChangeLog.include(DatabaseChangeLog.java:478)
	at liquibase.changelog.DatabaseChangeLog.handleChildNode(DatabaseChangeLog.java:320)
	... 25 common frames omitted
Caused by: java.io.FileNotFoundException: class path resource [config/liquibase/changelog/201712131029_add_holiday.xml] cannot be resolved to URL because it does not exist
	at org.springframework.core.io.ClassPathResource.getURL(ClassPathResource.java:187)
	at liquibase.integration.spring.SpringLiquibase$SpringResourceOpener.getResourcesAsStream(SpringLiquibase.java:161)
	at liquibase.util.StreamUtil.singleInputStream(StreamUtil.java:186)
	at liquibase.parser.core.xml.XMLChangeLogSAXParser.parseToNode(XMLChangeLogSAXParser.java:93)
	... 28 common frames omitted
2018-05-14 11:12:49,878 INFO [main] com.example.demo.DemoApplication [StartupInfoLogger.java : 48] Starting DemoApplication on WIN-347U4K4RRNK with PID 2732 (E:\workspace\springboot-mybatis&logback\target\classes started by Administrator in E:\workspace\springboot-mybatis&logback)
2018-05-14 11:12:49,885 DEBUG [main] com.example.demo.DemoApplication [StartupInfoLogger.java : 51] Running with Spring Boot v1.5.9.RELEASE, Spring v4.3.13.RELEASE
2018-05-14 11:12:49,887 INFO [main] com.example.demo.DemoApplication [SpringApplication.java : 597] The following profiles are active: local
2018-05-14 11:12:50,236 DEBUG [background-preinit] org.jboss.logging [LoggerProviders.java : 160] Logging Provider: org.jboss.logging.Slf4jLoggerProvider found via system property
2018-05-14 11:12:50,576 DEBUG [main] o.m.s.mapper.ClassPathMapperScanner [ClassPathScanningCandidateComponentProvider.java : 294] Identified candidate component class: file [E:\workspace\springboot-mybatis&logback\target\classes\com\example\demo\mapper\PersonMapper.class]
2018-05-14 11:12:50,576 DEBUG [main] o.m.s.mapper.ClassPathMapperScanner [ClassPathMapperScanner.java : 180] Creating MapperFactoryBean with name 'personMapper' and 'com.example.demo.mapper.PersonMapper' mapperInterface
2018-05-14 11:12:50,577 DEBUG [main] o.m.s.mapper.ClassPathMapperScanner [ClassPathMapperScanner.java : 216] Enabling autowire by type for MapperFactoryBean with name 'personMapper'.
2018-05-14 11:12:52,433 DEBUG [main] o.m.spring.SqlSessionFactoryBean [SqlSessionFactoryBean.java : 529] Parsed mapper file: 'file [E:\workspace\springboot-mybatis&logback\target\classes\mapper\PersonMapper.xml]'
2018-05-14 11:12:52,822 DEBUG [main] c.e.d.config.LiquibaseConfiguration [LiquibaseConfiguration.java : 27] Configuring liquibase suceess
2018-05-14 11:12:52,857 INFO [main] c.alibaba.druid.pool.DruidDataSource [DruidDataSource.java : 667] {dataSource-1} inited
2018-05-14 11:12:53,882 DEBUG [main] LiquibaseSchemaResolver [CommonsLoggingLiquibaseLogger.java : 106] Found namespace details class liquibase.parser.core.xml.StandardNamespaceDetails for http://www.liquibase.org/xml/ns/dbchangelog/dbchangelog-3.4.xsd
2018-05-14 11:12:53,883 DEBUG [main] LiquibaseSchemaResolver [CommonsLoggingLiquibaseLogger.java : 106] Local path for http://www.liquibase.org/xml/ns/dbchangelog/dbchangelog-3.4.xsd is liquibase/parser/core/xml/dbchangelog-3.4.xsd
2018-05-14 11:12:53,884 DEBUG [main] LiquibaseSchemaResolver [CommonsLoggingLiquibaseLogger.java : 106] Successfully loaded XSD from liquibase/parser/core/xml/dbchangelog-3.4.xsd
2018-05-14 11:12:53,943 DEBUG [main] LiquibaseSchemaResolver [CommonsLoggingLiquibaseLogger.java : 106] Found namespace details class liquibase.parser.core.xml.StandardNamespaceDetails for http://www.liquibase.org/xml/ns/dbchangelog/dbchangelog-3.4.xsd
2018-05-14 11:12:53,944 DEBUG [main] LiquibaseSchemaResolver [CommonsLoggingLiquibaseLogger.java : 106] Local path for http://www.liquibase.org/xml/ns/dbchangelog/dbchangelog-3.4.xsd is liquibase/parser/core/xml/dbchangelog-3.4.xsd
2018-05-14 11:12:53,945 DEBUG [main] LiquibaseSchemaResolver [CommonsLoggingLiquibaseLogger.java : 106] Successfully loaded XSD from liquibase/parser/core/xml/dbchangelog-3.4.xsd
2018-05-14 11:12:55,040 INFO [main] com.example.demo.DemoApplication [StartupInfoLogger.java : 57] Started DemoApplication in 6.922 seconds (JVM running for 8.214)
2018-05-14 11:15:53,452 DEBUG [http-nio-8084-exec-2] org.mybatis.spring.SqlSessionUtils [SqlSessionUtils.java : 97] Creating a new SqlSession
2018-05-14 11:15:53,457 DEBUG [http-nio-8084-exec-2] org.mybatis.spring.SqlSessionUtils [SqlSessionUtils.java : 148] SqlSession [org.apache.ibatis.session.defaults.DefaultSqlSession@65802586] was not registered for synchronization because synchronization is not active
2018-05-14 11:15:53,471 DEBUG [http-nio-8084-exec-2] o.m.s.t.SpringManagedTransaction [SpringManagedTransaction.java : 87] JDBC Connection [com.mysql.jdbc.JDBC4Connection@318971cb] will not be managed by Spring
2018-05-14 11:15:53,477 DEBUG [http-nio-8084-exec-2] c.e.d.mapper.PersonMapper.selectAll [BaseJdbcLogger.java : 159] ==>  Preparing: select * from person 
2018-05-14 11:15:53,496 DEBUG [http-nio-8084-exec-2] c.e.d.mapper.PersonMapper.selectAll [BaseJdbcLogger.java : 159] ==> Parameters: 
2018-05-14 11:15:53,515 DEBUG [http-nio-8084-exec-2] c.e.d.mapper.PersonMapper.selectAll [BaseJdbcLogger.java : 159] <==      Total: 11
2018-05-14 11:15:53,516 DEBUG [http-nio-8084-exec-2] org.mybatis.spring.SqlSessionUtils [SqlSessionUtils.java : 191] Closing non transactional SqlSession [org.apache.ibatis.session.defaults.DefaultSqlSession@65802586]
