2018-02-05 10:59:12,059 INFO [main] com.example.demo.DemoApplication [StartupInfoLogger.java : 48] Starting DemoApplication on WIN-RGMAF56EC79 with PID 6180 (D:\workspace\springboot-mybatis\target\classes started by Administrator in D:\workspace\springboot-mybatis)
2018-02-05 10:59:12,081 DEBUG [main] com.example.demo.DemoApplication [StartupInfoLogger.java : 51] Running with Spring Boot v1.5.9.RELEASE, Spring v4.3.13.RELEASE
2018-02-05 10:59:12,083 INFO [main] com.example.demo.DemoApplication [SpringApplication.java : 597] The following profiles are active: local
2018-02-05 10:59:12,781 DEBUG [background-preinit] org.jboss.logging [LoggerProviders.java : 160] Logging Provider: org.jboss.logging.Slf4jLoggerProvider found via system property
2018-02-05 10:59:13,044 ERROR [main] o.s.boot.SpringApplication [SpringApplication.java : 771] Application startup failed
org.springframework.beans.factory.BeanDefinitionStoreException: Failed to parse configuration class [com.example.demo.DemoApplication]; nested exception is org.springframework.context.annotation.ConflictingBeanDefinitionException: Annotation-specified bean name 'myBatisTestController' for bean class [com.example.demo.controllers.MyBatisTestController] conflicts with existing, non-compatible bean definition of same name and class [com.example.demo.controllers.MyBatisTestController]
	at org.springframework.context.annotation.ConfigurationClassParser.parse(ConfigurationClassParser.java:181)
	at org.springframework.context.annotation.ConfigurationClassPostProcessor.processConfigBeanDefinitions(ConfigurationClassPostProcessor.java:308)
	at org.springframework.context.annotation.ConfigurationClassPostProcessor.postProcessBeanDefinitionRegistry(ConfigurationClassPostProcessor.java:228)
	at org.springframework.context.support.PostProcessorRegistrationDelegate.invokeBeanDefinitionRegistryPostProcessors(PostProcessorRegistrationDelegate.java:272)
	at org.springframework.context.support.PostProcessorRegistrationDelegate.invokeBeanFactoryPostProcessors(PostProcessorRegistrationDelegate.java:92)
	at org.springframework.context.support.AbstractApplicationContext.invokeBeanFactoryPostProcessors(AbstractApplicationContext.java:687)
	at org.springframework.context.support.AbstractApplicationContext.refresh(AbstractApplicationContext.java:525)
	at org.springframework.boot.context.embedded.EmbeddedWebApplicationContext.refresh(EmbeddedWebApplicationContext.java:122)
	at org.springframework.boot.SpringApplication.refresh(SpringApplication.java:693)
	at org.springframework.boot.SpringApplication.refreshContext(SpringApplication.java:360)
	at org.springframework.boot.SpringApplication.run(SpringApplication.java:303)
	at org.springframework.boot.SpringApplication.run(SpringApplication.java:1118)
	at org.springframework.boot.SpringApplication.run(SpringApplication.java:1107)
	at com.example.demo.DemoApplication.main(DemoApplication.java:11)
Caused by: org.springframework.context.annotation.ConflictingBeanDefinitionException: Annotation-specified bean name 'myBatisTestController' for bean class [com.example.demo.controllers.MyBatisTestController] conflicts with existing, non-compatible bean definition of same name and class [com.example.demo.controllers.MyBatisTestController]
	at org.springframework.context.annotation.ClassPathBeanDefinitionScanner.checkCandidate(ClassPathBeanDefinitionScanner.java:345)
	at org.springframework.context.annotation.ClassPathBeanDefinitionScanner.doScan(ClassPathBeanDefinitionScanner.java:283)
	at org.springframework.context.annotation.ComponentScanAnnotationParser.parse(ComponentScanAnnotationParser.java:135)
	at org.springframework.context.annotation.ConfigurationClassParser.doProcessConfigurationClass(ConfigurationClassParser.java:287)
	at org.springframework.context.annotation.ConfigurationClassParser.processConfigurationClass(ConfigurationClassParser.java:245)
	at org.springframework.context.annotation.ConfigurationClassParser.parse(ConfigurationClassParser.java:198)
	at org.springframework.context.annotation.ConfigurationClassParser.parse(ConfigurationClassParser.java:167)
	... 13 common frames omitted
