2017-12-25 10:50:02,261 INFO [main] com.example.demo.DemoApplication [StartupInfoLogger.java : 48] Starting DemoApplication on WIN-RGMAF56EC79 with PID 10596 (D:\workspace\demo\target\classes started by Administrator in D:\workspace\demo)
2017-12-25 10:50:02,266 DEBUG [main] com.example.demo.DemoApplication [StartupInfoLogger.java : 51] Running with Spring Boot v1.5.9.RELEASE, Spring v4.3.13.RELEASE
2017-12-25 10:50:02,266 INFO [main] com.example.demo.DemoApplication [SpringApplication.java : 597] The following profiles are active: local
2017-12-25 10:50:02,375 DEBUG [background-preinit] org.jboss.logging [LoggerProviders.java : 160] Logging Provider: org.jboss.logging.Slf4jLoggerProvider found via system property
2017-12-25 10:50:04,157 DEBUG [main] o.m.spring.SqlSessionFactoryBean [SqlSessionFactoryBean.java : 362] Property 'configLocation' not specified, using default MyBatis Configuration
2017-12-25 10:50:04,514 DEBUG [main] o.m.spring.SqlSessionFactoryBean [SqlSessionFactoryBean.java : 472] Parsed mapper file: 'file [D:\workspace\demo\target\classes\mybatis\MyBatisTestMapper.xml]'
2017-12-25 10:50:06,661 INFO [main] com.example.demo.DemoApplication [StartupInfoLogger.java : 57] Started DemoApplication in 5.792 seconds (JVM running for 8.66)
2017-12-25 10:51:00,695 INFO [main] com.example.demo.DemoApplication [StartupInfoLogger.java : 48] Starting DemoApplication on WIN-RGMAF56EC79 with PID 2800 (D:\workspace\demo\target\classes started by Administrator in D:\workspace\demo)
2017-12-25 10:51:00,700 DEBUG [main] com.example.demo.DemoApplication [StartupInfoLogger.java : 51] Running with Spring Boot v1.5.9.RELEASE, Spring v4.3.13.RELEASE
2017-12-25 10:51:00,701 INFO [main] com.example.demo.DemoApplication [SpringApplication.java : 597] The following profiles are active: local
2017-12-25 10:51:00,796 DEBUG [background-preinit] org.jboss.logging [LoggerProviders.java : 160] Logging Provider: org.jboss.logging.Slf4jLoggerProvider found via system property
2017-12-25 10:51:02,707 DEBUG [main] o.m.spring.SqlSessionFactoryBean [SqlSessionFactoryBean.java : 362] Property 'configLocation' not specified, using default MyBatis Configuration
2017-12-25 10:51:03,064 DEBUG [main] o.m.spring.SqlSessionFactoryBean [SqlSessionFactoryBean.java : 472] Parsed mapper file: 'file [D:\workspace\demo\target\classes\mybatis\MyBatisTestMapper.xml]'
2017-12-25 10:51:05,250 INFO [main] com.example.demo.DemoApplication [StartupInfoLogger.java : 57] Started DemoApplication in 6.092 seconds (JVM running for 9.142)
2017-12-25 10:51:18,375 DEBUG [http-nio-8084-exec-3] org.mybatis.spring.SqlSessionUtils [SqlSessionUtils.java : 104] Creating a new SqlSession
2017-12-25 10:51:18,385 DEBUG [http-nio-8084-exec-3] org.mybatis.spring.SqlSessionUtils [SqlSessionUtils.java : 140] SqlSession [org.apache.ibatis.session.defaults.DefaultSqlSession@3075441c] was not registered for synchronization because synchronization is not active
2017-12-25 10:51:19,076 DEBUG [http-nio-8084-exec-3] o.m.s.t.SpringManagedTransaction [SpringManagedTransaction.java : 86] JDBC Connection [ProxyConnection[PooledConnection[com.mysql.jdbc.JDBC4Connection@5577af2f]]] will not be managed by Spring
2017-12-25 10:51:19,084 DEBUG [http-nio-8084-exec-3] c.e.d.m.M.selectAllOauth2User [BaseJdbcLogger.java : 139] ==>  Preparing: select * from oauth2_user; 
2017-12-25 10:51:19,134 DEBUG [http-nio-8084-exec-3] c.e.d.m.M.selectAllOauth2User [BaseJdbcLogger.java : 139] ==> Parameters: 
2017-12-25 10:51:19,151 DEBUG [http-nio-8084-exec-3] c.e.d.m.M.selectAllOauth2User [BaseJdbcLogger.java : 139] <==      Total: 0
2017-12-25 10:51:19,152 DEBUG [http-nio-8084-exec-3] org.mybatis.spring.SqlSessionUtils [SqlSessionUtils.java : 168] Closing non transactional SqlSession [org.apache.ibatis.session.defaults.DefaultSqlSession@3075441c]
2017-12-25 10:53:08,805 INFO [main] com.example.demo.DemoApplication [StartupInfoLogger.java : 48] Starting DemoApplication on WIN-RGMAF56EC79 with PID 3584 (D:\workspace\demo\target\classes started by Administrator in D:\workspace\demo)
2017-12-25 10:53:08,812 DEBUG [main] com.example.demo.DemoApplication [StartupInfoLogger.java : 51] Running with Spring Boot v1.5.9.RELEASE, Spring v4.3.13.RELEASE
2017-12-25 10:53:08,812 INFO [main] com.example.demo.DemoApplication [SpringApplication.java : 597] The following profiles are active: local
2017-12-25 10:53:08,934 DEBUG [background-preinit] org.jboss.logging [LoggerProviders.java : 160] Logging Provider: org.jboss.logging.Slf4jLoggerProvider found via system property
2017-12-25 10:53:10,772 DEBUG [main] o.m.spring.SqlSessionFactoryBean [SqlSessionFactoryBean.java : 362] Property 'configLocation' not specified, using default MyBatis Configuration
2017-12-25 10:53:10,842 DEBUG [main] o.m.spring.SqlSessionFactoryBean [SqlSessionFactoryBean.java : 477] Property 'mapperLocations' was not specified or no matching resources found
2017-12-25 10:53:13,070 INFO [main] com.example.demo.DemoApplication [StartupInfoLogger.java : 57] Started DemoApplication in 5.644 seconds (JVM running for 8.333)
2017-12-25 10:53:30,276 INFO [main] com.example.demo.DemoApplication [StartupInfoLogger.java : 48] Starting DemoApplication on WIN-RGMAF56EC79 with PID 13152 (D:\workspace\demo\target\classes started by Administrator in D:\workspace\demo)
2017-12-25 10:53:30,281 DEBUG [main] com.example.demo.DemoApplication [StartupInfoLogger.java : 51] Running with Spring Boot v1.5.9.RELEASE, Spring v4.3.13.RELEASE
2017-12-25 10:53:30,281 INFO [main] com.example.demo.DemoApplication [SpringApplication.java : 597] The following profiles are active: local
2017-12-25 10:53:30,401 DEBUG [background-preinit] org.jboss.logging [LoggerProviders.java : 160] Logging Provider: org.jboss.logging.Slf4jLoggerProvider found via system property
2017-12-25 10:53:32,290 DEBUG [main] o.m.spring.SqlSessionFactoryBean [SqlSessionFactoryBean.java : 362] Property 'configLocation' not specified, using default MyBatis Configuration
2017-12-25 10:53:32,366 DEBUG [main] o.m.spring.SqlSessionFactoryBean [SqlSessionFactoryBean.java : 477] Property 'mapperLocations' was not specified or no matching resources found
2017-12-25 10:53:34,535 INFO [main] com.example.demo.DemoApplication [StartupInfoLogger.java : 57] Started DemoApplication in 5.714 seconds (JVM running for 8.862)
2017-12-25 10:53:48,004 INFO [main] com.example.demo.DemoApplication [StartupInfoLogger.java : 48] Starting DemoApplication on WIN-RGMAF56EC79 with PID 17604 (D:\workspace\demo\target\classes started by Administrator in D:\workspace\demo)
2017-12-25 10:53:48,010 DEBUG [main] com.example.demo.DemoApplication [StartupInfoLogger.java : 51] Running with Spring Boot v1.5.9.RELEASE, Spring v4.3.13.RELEASE
2017-12-25 10:53:48,011 INFO [main] com.example.demo.DemoApplication [SpringApplication.java : 597] The following profiles are active: local
2017-12-25 10:53:48,064 DEBUG [background-preinit] org.jboss.logging [LoggerProviders.java : 160] Logging Provider: org.jboss.logging.Slf4jLoggerProvider found via system property
2017-12-25 10:55:14,881 DEBUG [main] o.m.spring.SqlSessionFactoryBean [SqlSessionFactoryBean.java : 362] Property 'configLocation' not specified, using default MyBatis Configuration
2017-12-25 10:55:14,982 DEBUG [main] o.m.spring.SqlSessionFactoryBean [SqlSessionFactoryBean.java : 477] Property 'mapperLocations' was not specified or no matching resources found
2017-12-25 10:55:25,522 INFO [main] com.example.demo.DemoApplication [StartupInfoLogger.java : 48] Starting DemoApplication on WIN-RGMAF56EC79 with PID 10764 (D:\workspace\demo\target\classes started by Administrator in D:\workspace\demo)
2017-12-25 10:55:25,527 DEBUG [main] com.example.demo.DemoApplication [StartupInfoLogger.java : 51] Running with Spring Boot v1.5.9.RELEASE, Spring v4.3.13.RELEASE
2017-12-25 10:55:25,527 INFO [main] com.example.demo.DemoApplication [SpringApplication.java : 597] The following profiles are active: local
2017-12-25 10:55:25,635 DEBUG [background-preinit] org.jboss.logging [LoggerProviders.java : 160] Logging Provider: org.jboss.logging.Slf4jLoggerProvider found via system property
2017-12-25 10:55:27,451 DEBUG [main] o.m.spring.SqlSessionFactoryBean [SqlSessionFactoryBean.java : 362] Property 'configLocation' not specified, using default MyBatis Configuration
2017-12-25 10:55:27,525 DEBUG [main] o.m.spring.SqlSessionFactoryBean [SqlSessionFactoryBean.java : 477] Property 'mapperLocations' was not specified or no matching resources found
2017-12-25 10:55:29,715 INFO [main] com.example.demo.DemoApplication [StartupInfoLogger.java : 57] Started DemoApplication in 5.594 seconds (JVM running for 8.378)
2017-12-25 10:57:21,951 INFO [main] com.example.demo.DemoApplication [StartupInfoLogger.java : 48] Starting DemoApplication on WIN-RGMAF56EC79 with PID 7368 (D:\workspace\demo\target\classes started by Administrator in D:\workspace\demo)
2017-12-25 10:57:21,956 DEBUG [main] com.example.demo.DemoApplication [StartupInfoLogger.java : 51] Running with Spring Boot v1.5.9.RELEASE, Spring v4.3.13.RELEASE
2017-12-25 10:57:21,956 INFO [main] com.example.demo.DemoApplication [SpringApplication.java : 597] The following profiles are active: local
2017-12-25 10:57:22,073 DEBUG [background-preinit] org.jboss.logging [LoggerProviders.java : 160] Logging Provider: org.jboss.logging.Slf4jLoggerProvider found via system property
2017-12-25 10:57:25,232 ERROR [main] o.s.b.d.LoggingFailureAnalysisReporter [LoggingFailureAnalysisReporter.java : 42] 

***************************
APPLICATION FAILED TO START
***************************

Description:

Field myBatisTestMapper in com.example.demo.service.MybatisTestServiceImpl required a bean of type 'com.example.demo.mapper.MyBatisTestMapper' that could not be found.


Action:

Consider defining a bean of type 'com.example.demo.mapper.MyBatisTestMapper' in your configuration.

2017-12-25 10:58:17,721 INFO [main] com.example.demo.DemoApplication [StartupInfoLogger.java : 48] Starting DemoApplication on WIN-RGMAF56EC79 with PID 3404 (D:\workspace\demo\target\classes started by Administrator in D:\workspace\demo)
2017-12-25 10:58:17,729 DEBUG [main] com.example.demo.DemoApplication [StartupInfoLogger.java : 51] Running with Spring Boot v1.5.9.RELEASE, Spring v4.3.13.RELEASE
2017-12-25 10:58:17,730 INFO [main] com.example.demo.DemoApplication [SpringApplication.java : 597] The following profiles are active: local
2017-12-25 10:58:17,845 DEBUG [background-preinit] org.jboss.logging [LoggerProviders.java : 160] Logging Provider: org.jboss.logging.Slf4jLoggerProvider found via system property
2017-12-25 10:58:19,844 DEBUG [main] o.m.spring.SqlSessionFactoryBean [SqlSessionFactoryBean.java : 362] Property 'configLocation' not specified, using default MyBatis Configuration
2017-12-25 10:58:19,924 DEBUG [main] o.m.spring.SqlSessionFactoryBean [SqlSessionFactoryBean.java : 477] Property 'mapperLocations' was not specified or no matching resources found
2017-12-25 10:58:22,159 INFO [main] com.example.demo.DemoApplication [StartupInfoLogger.java : 57] Started DemoApplication in 5.92 seconds (JVM running for 8.632)
