2017-12-27 14:45:41,187 INFO [main] com.example.demo.DemoApplication [StartupInfoLogger.java : 48] Starting DemoApplication on WIN-RGMAF56EC79 with PID 4520 (D:\workspace\springboot-mybatis\target\classes started by Administrator in D:\workspace\springboot-mybatis)
2017-12-27 14:45:41,196 DEBUG [main] com.example.demo.DemoApplication [StartupInfoLogger.java : 51] Running with Spring Boot v1.5.9.RELEASE, Spring v4.3.13.RELEASE
2017-12-27 14:45:41,197 INFO [main] com.example.demo.DemoApplication [SpringApplication.java : 597] The following profiles are active: local
2017-12-27 14:45:41,639 DEBUG [background-preinit] org.jboss.logging [LoggerProviders.java : 160] Logging Provider: org.jboss.logging.Slf4jLoggerProvider found via system property
2017-12-27 14:45:42,164 DEBUG [main] o.m.s.mapper.ClassPathMapperScanner [ClassPathScanningCandidateComponentProvider.java : 294] Identified candidate component class: file [D:\workspace\springboot-mybatis\target\classes\com\example\demo\mapper\MyBatisTestMapper.class]
2017-12-27 14:45:42,166 DEBUG [main] o.m.s.mapper.ClassPathMapperScanner [ClassPathMapperScanner.java : 164] Creating MapperFactoryBean with name 'myBatisTestMapper' and 'com.example.demo.mapper.MyBatisTestMapper' mapperInterface
2017-12-27 14:45:42,168 DEBUG [main] o.m.s.mapper.ClassPathMapperScanner [ClassPathMapperScanner.java : 200] Enabling autowire by type for MapperFactoryBean with name 'myBatisTestMapper'.
2017-12-27 14:45:42,919 DEBUG [main] o.m.spring.SqlSessionFactoryBean [SqlSessionFactoryBean.java : 362] Property 'configLocation' not specified, using default MyBatis Configuration
2017-12-27 14:45:43,110 DEBUG [main] o.m.spring.SqlSessionFactoryBean [SqlSessionFactoryBean.java : 472] Parsed mapper file: 'file [D:\workspace\springboot-mybatis\target\classes\mapper\MyBatisTestMapper.xml]'
2017-12-27 14:45:45,609 INFO [main] com.example.demo.DemoApplication [StartupInfoLogger.java : 57] Started DemoApplication in 5.714 seconds (JVM running for 7.19)
2017-12-27 14:46:43,012 DEBUG [http-nio-8084-exec-1] org.mybatis.spring.SqlSessionUtils [SqlSessionUtils.java : 104] Creating a new SqlSession
2017-12-27 14:46:43,016 DEBUG [http-nio-8084-exec-1] org.mybatis.spring.SqlSessionUtils [SqlSessionUtils.java : 140] SqlSession [org.apache.ibatis.session.defaults.DefaultSqlSession@621dbaa9] was not registered for synchronization because synchronization is not active
2017-12-27 14:46:43,357 DEBUG [http-nio-8084-exec-1] o.m.s.t.SpringManagedTransaction [SpringManagedTransaction.java : 86] JDBC Connection [ProxyConnection[PooledConnection[com.mysql.jdbc.JDBC4Connection@2677fae5]]] will not be managed by Spring
2017-12-27 14:46:43,361 DEBUG [http-nio-8084-exec-1] c.e.d.m.M.selectAllOauth2User [BaseJdbcLogger.java : 139] ==>  Preparing: select * from oauth2_user; 
2017-12-27 14:46:43,411 DEBUG [http-nio-8084-exec-1] c.e.d.m.M.selectAllOauth2User [BaseJdbcLogger.java : 139] ==> Parameters: 
2017-12-27 14:46:43,434 DEBUG [http-nio-8084-exec-1] c.e.d.m.M.selectAllOauth2User [BaseJdbcLogger.java : 139] <==      Total: 1
2017-12-27 14:46:43,435 DEBUG [http-nio-8084-exec-1] org.mybatis.spring.SqlSessionUtils [SqlSessionUtils.java : 168] Closing non transactional SqlSession [org.apache.ibatis.session.defaults.DefaultSqlSession@621dbaa9]
2017-12-27 14:47:36,848 DEBUG [http-nio-8084-exec-2] org.mybatis.spring.SqlSessionUtils [SqlSessionUtils.java : 104] Creating a new SqlSession
2017-12-27 14:47:36,849 DEBUG [http-nio-8084-exec-2] org.mybatis.spring.SqlSessionUtils [SqlSessionUtils.java : 140] SqlSession [org.apache.ibatis.session.defaults.DefaultSqlSession@3c85892d] was not registered for synchronization because synchronization is not active
2017-12-27 14:47:36,850 DEBUG [http-nio-8084-exec-2] o.m.s.t.SpringManagedTransaction [SpringManagedTransaction.java : 86] JDBC Connection [ProxyConnection[PooledConnection[com.mysql.jdbc.JDBC4Connection@2677fae5]]] will not be managed by Spring
2017-12-27 14:47:36,850 DEBUG [http-nio-8084-exec-2] c.e.d.m.M.selectAllOauth2User [BaseJdbcLogger.java : 139] ==>  Preparing: select * from oauth2_user; 
2017-12-27 14:47:36,851 DEBUG [http-nio-8084-exec-2] c.e.d.m.M.selectAllOauth2User [BaseJdbcLogger.java : 139] ==> Parameters: 
2017-12-27 14:47:36,853 DEBUG [http-nio-8084-exec-2] c.e.d.m.M.selectAllOauth2User [BaseJdbcLogger.java : 139] <==      Total: 1
2017-12-27 14:47:36,853 DEBUG [http-nio-8084-exec-2] org.mybatis.spring.SqlSessionUtils [SqlSessionUtils.java : 168] Closing non transactional SqlSession [org.apache.ibatis.session.defaults.DefaultSqlSession@3c85892d]
2017-12-27 14:47:41,869 DEBUG [http-nio-8084-exec-3] org.mybatis.spring.SqlSessionUtils [SqlSessionUtils.java : 104] Creating a new SqlSession
2017-12-27 14:47:41,870 DEBUG [http-nio-8084-exec-3] org.mybatis.spring.SqlSessionUtils [SqlSessionUtils.java : 140] SqlSession [org.apache.ibatis.session.defaults.DefaultSqlSession@7162bcf2] was not registered for synchronization because synchronization is not active
2017-12-27 14:47:41,871 DEBUG [http-nio-8084-exec-3] o.m.s.t.SpringManagedTransaction [SpringManagedTransaction.java : 86] JDBC Connection [ProxyConnection[PooledConnection[com.mysql.jdbc.JDBC4Connection@2677fae5]]] will not be managed by Spring
2017-12-27 14:47:41,872 DEBUG [http-nio-8084-exec-3] c.e.d.m.M.selectAllOauth2User [BaseJdbcLogger.java : 139] ==>  Preparing: select * from oauth2_user; 
2017-12-27 14:47:41,873 DEBUG [http-nio-8084-exec-3] c.e.d.m.M.selectAllOauth2User [BaseJdbcLogger.java : 139] ==> Parameters: 
2017-12-27 14:47:41,874 DEBUG [http-nio-8084-exec-3] c.e.d.m.M.selectAllOauth2User [BaseJdbcLogger.java : 139] <==      Total: 1
2017-12-27 14:47:41,875 DEBUG [http-nio-8084-exec-3] org.mybatis.spring.SqlSessionUtils [SqlSessionUtils.java : 168] Closing non transactional SqlSession [org.apache.ibatis.session.defaults.DefaultSqlSession@7162bcf2]
2017-12-27 14:49:51,327 DEBUG [http-nio-8084-exec-5] org.mybatis.spring.SqlSessionUtils [SqlSessionUtils.java : 104] Creating a new SqlSession
2017-12-27 14:49:51,328 DEBUG [http-nio-8084-exec-5] org.mybatis.spring.SqlSessionUtils [SqlSessionUtils.java : 140] SqlSession [org.apache.ibatis.session.defaults.DefaultSqlSession@35403a46] was not registered for synchronization because synchronization is not active
2017-12-27 14:49:51,328 DEBUG [http-nio-8084-exec-5] o.m.s.t.SpringManagedTransaction [SpringManagedTransaction.java : 86] JDBC Connection [ProxyConnection[PooledConnection[com.mysql.jdbc.JDBC4Connection@2677fae5]]] will not be managed by Spring
2017-12-27 14:49:51,329 DEBUG [http-nio-8084-exec-5] c.e.d.m.M.selectAllOauth2User [BaseJdbcLogger.java : 139] ==>  Preparing: select * from oauth2_user; 
2017-12-27 14:49:51,329 DEBUG [http-nio-8084-exec-5] c.e.d.m.M.selectAllOauth2User [BaseJdbcLogger.java : 139] ==> Parameters: 
2017-12-27 14:49:51,331 DEBUG [http-nio-8084-exec-5] c.e.d.m.M.selectAllOauth2User [BaseJdbcLogger.java : 139] <==      Total: 1
2017-12-27 14:49:51,331 DEBUG [http-nio-8084-exec-5] org.mybatis.spring.SqlSessionUtils [SqlSessionUtils.java : 168] Closing non transactional SqlSession [org.apache.ibatis.session.defaults.DefaultSqlSession@35403a46]
2017-12-27 14:49:54,321 DEBUG [http-nio-8084-exec-7] org.mybatis.spring.SqlSessionUtils [SqlSessionUtils.java : 104] Creating a new SqlSession
2017-12-27 14:49:54,323 DEBUG [http-nio-8084-exec-7] org.mybatis.spring.SqlSessionUtils [SqlSessionUtils.java : 140] SqlSession [org.apache.ibatis.session.defaults.DefaultSqlSession@40a8eec7] was not registered for synchronization because synchronization is not active
2017-12-27 14:49:54,323 DEBUG [http-nio-8084-exec-7] o.m.s.t.SpringManagedTransaction [SpringManagedTransaction.java : 86] JDBC Connection [ProxyConnection[PooledConnection[com.mysql.jdbc.JDBC4Connection@2677fae5]]] will not be managed by Spring
2017-12-27 14:49:54,324 DEBUG [http-nio-8084-exec-7] c.e.d.m.M.selectAllOauth2User [BaseJdbcLogger.java : 139] ==>  Preparing: select * from oauth2_user; 
2017-12-27 14:49:54,324 DEBUG [http-nio-8084-exec-7] c.e.d.m.M.selectAllOauth2User [BaseJdbcLogger.java : 139] ==> Parameters: 
2017-12-27 14:49:54,326 DEBUG [http-nio-8084-exec-7] c.e.d.m.M.selectAllOauth2User [BaseJdbcLogger.java : 139] <==      Total: 1
2017-12-27 14:49:54,327 DEBUG [http-nio-8084-exec-7] org.mybatis.spring.SqlSessionUtils [SqlSessionUtils.java : 168] Closing non transactional SqlSession [org.apache.ibatis.session.defaults.DefaultSqlSession@40a8eec7]
2017-12-27 14:51:44,442 DEBUG [http-nio-8084-exec-10] org.mybatis.spring.SqlSessionUtils [SqlSessionUtils.java : 104] Creating a new SqlSession
2017-12-27 14:51:44,443 DEBUG [http-nio-8084-exec-10] org.mybatis.spring.SqlSessionUtils [SqlSessionUtils.java : 140] SqlSession [org.apache.ibatis.session.defaults.DefaultSqlSession@145e2d78] was not registered for synchronization because synchronization is not active
2017-12-27 14:51:44,444 DEBUG [http-nio-8084-exec-10] o.m.s.t.SpringManagedTransaction [SpringManagedTransaction.java : 86] JDBC Connection [ProxyConnection[PooledConnection[com.mysql.jdbc.JDBC4Connection@2677fae5]]] will not be managed by Spring
2017-12-27 14:51:44,445 DEBUG [http-nio-8084-exec-10] c.e.d.m.M.selectAllOauth2User [BaseJdbcLogger.java : 139] ==>  Preparing: select * from oauth2_user; 
2017-12-27 14:51:44,446 DEBUG [http-nio-8084-exec-10] c.e.d.m.M.selectAllOauth2User [BaseJdbcLogger.java : 139] ==> Parameters: 
2017-12-27 14:51:44,448 DEBUG [http-nio-8084-exec-10] c.e.d.m.M.selectAllOauth2User [BaseJdbcLogger.java : 139] <==      Total: 1
2017-12-27 14:51:44,449 DEBUG [http-nio-8084-exec-10] org.mybatis.spring.SqlSessionUtils [SqlSessionUtils.java : 168] Closing non transactional SqlSession [org.apache.ibatis.session.defaults.DefaultSqlSession@145e2d78]
2017-12-27 14:59:18,309 DEBUG [http-nio-8084-exec-6] org.mybatis.spring.SqlSessionUtils [SqlSessionUtils.java : 104] Creating a new SqlSession
2017-12-27 14:59:18,311 DEBUG [http-nio-8084-exec-6] org.mybatis.spring.SqlSessionUtils [SqlSessionUtils.java : 140] SqlSession [org.apache.ibatis.session.defaults.DefaultSqlSession@9b5d810] was not registered for synchronization because synchronization is not active
2017-12-27 14:59:18,311 DEBUG [http-nio-8084-exec-6] o.m.s.t.SpringManagedTransaction [SpringManagedTransaction.java : 86] JDBC Connection [ProxyConnection[PooledConnection[com.mysql.jdbc.JDBC4Connection@2677fae5]]] will not be managed by Spring
2017-12-27 14:59:18,312 DEBUG [http-nio-8084-exec-6] c.e.d.m.M.selectAllOauth2User [BaseJdbcLogger.java : 139] ==>  Preparing: select * from oauth2_user; 
2017-12-27 14:59:18,313 DEBUG [http-nio-8084-exec-6] c.e.d.m.M.selectAllOauth2User [BaseJdbcLogger.java : 139] ==> Parameters: 
2017-12-27 14:59:18,315 DEBUG [http-nio-8084-exec-6] c.e.d.m.M.selectAllOauth2User [BaseJdbcLogger.java : 139] <==      Total: 1
2017-12-27 14:59:18,316 DEBUG [http-nio-8084-exec-6] org.mybatis.spring.SqlSessionUtils [SqlSessionUtils.java : 168] Closing non transactional SqlSession [org.apache.ibatis.session.defaults.DefaultSqlSession@9b5d810]
